#
# A fatal error has been detected by the Java Runtime Environment:
#
#  Internal Error (constantTag.cpp:65), pid=3926, tid=16643
#  Error: ShouldNotReachHere()
#
# JRE version: Java(TM) SE Runtime Environment 18.9 (11.0.19+9) (build 11.0.19+9-LTS-224)
# Java VM: Java HotSpot(TM) 64-Bit Server VM 18.9 (11.0.19+9-LTS-224, mixed mode, tiered, compressed oops, g1 gc, bsd-aarch64)
# No core dump will be written. Core dumps have been disabled. To enable core dumping, try "ulimit -c unlimited" before starting Java again
#
# If you would like to submit a bug report, please visit:
#   https://bugreport.java.com/bugreport/crash.jsp
#

---------------  S U M M A R Y ------------

Command Line: -agentlib:jdwp=transport=dt_socket,suspend=y,address=localhost:50967 -javaagent:/Users/jieun/.eclipse/org.eclipse.platform_4.32.0_1231987628_macosx_cocoa_aarch64/configuration/org.eclipse.osgi/442/0/.cp/lib/javaagent-shaded.jar -Dfile.encoding=UTF-8 -Dstdout.encoding=UTF-8 -Dstderr.encoding=UTF-8 --module-path=/Users/jieun/Desktop/Itbank/java-workspace/day03/bin -Djdk.module.main=day03 day03/repeat_.Quiz02

Host: Mac14,5 arm64 1 MHz, 12 cores, 32G, Darwin 23.5.0
Time: Wed Aug  7 16:43:03 2024 KST elapsed time: 2441.515899 seconds (0d 0h 40m 41s)

---------------  T H R E A D  ---------------

Current thread (0x000000013105f000):  VMThread "VM Thread" [stack: 0x000000016e798000,0x000000016e99b000] [id=16643]

Stack: [0x000000016e798000,0x000000016e99b000],  sp=0x000000016e99a5f0,  free space=2057k
Native frames: (J=compiled Java code, j=interpreted, Vv=VM code, C=native code)
V  [libjvm.dylib+0x68670c]  VMError::report_and_die(int, char const*, char const*, char*, Thread*, unsigned char*, void*, void*, char const*, int, unsigned long)+0x580
V  [libjvm.dylib+0x686e50]  VMError::report_and_die(Thread*, void*, char const*, int, char const*, char const*, char*)+0x40
V  [libjvm.dylib+0x1ecedc]  report_vm_error(char const*, int, char const*, char const*, ...)+0x54
V  [libjvm.dylib+0x1ed0b8]  report_should_not_reach_here(char const*, int)+0x2c
V  [libjvm.dylib+0x1e8308]  constantTag::basic_type() const+0x64
V  [libjvm.dylib+0x1e4610]  ConstantPool::basic_type_for_constant_at(int)+0x64
V  [libjvm.dylib+0x2c3044]  GenerateOopMap::do_ldc(int)+0xac
V  [libjvm.dylib+0x2c1ca0]  GenerateOopMap::interp_bb(BasicBlock*)+0xf0
V  [libjvm.dylib+0x2c1924]  GenerateOopMap::interp_all()+0x50
V  [libjvm.dylib+0x2c1590]  GenerateOopMap::do_interpretation()+0x58
V  [libjvm.dylib+0x2c425c]  GenerateOopMap::compute_map(Thread*)+0x158
V  [libjvm.dylib+0x526d68]  OopMapForCacheEntry::compute_map(Thread*)+0x60
V  [libjvm.dylib+0x527680]  OopMapCacheEntry::fill(methodHandle const&, int)+0xa4
V  [libjvm.dylib+0x527f68]  OopMapCache::compute_one_oop_map(methodHandle const&, int, InterpreterOopMap*)+0x58
V  [libjvm.dylib+0x4e85b0]  Method::mask_for(int, InterpreterOopMap*)+0xac
V  [libjvm.dylib+0x41fa94]  VM_GetOrSetLocal::doit()+0x58
V  [libjvm.dylib+0x690578]  VM_Operation::evaluate()+0xe4
V  [libjvm.dylib+0x68f6c4]  VMThread::evaluate_operation(VM_Operation*)+0x164
V  [libjvm.dylib+0x68f2d4]  VMThread::loop()+0x2f4
V  [libjvm.dylib+0x68eed8]  VMThread::run()+0x7c
V  [libjvm.dylib+0x62fdd8]  Thread::call_run()+0x7c
V  [libjvm.dylib+0x530e14]  thread_native_entry(Thread*)+0x11c
C  [libsystem_pthread.dylib+0x6f94]  _pthread_start+0x88

VM_Operation (0x000000016fd1e990): GetOrSetLocal, mode: safepoint, requested by thread 0x0000000141960800


---------------  P R O C E S S  ---------------

Threads class SMR info:
_java_thread_list=0x0000600002537a80, length=12, elements={
0x000000014100e000, 0x000000012f811800, 0x000000012f816800, 0x000000012f826800,
0x000000012f829800, 0x000000012f82a800, 0x000000012f82b800, 0x000000013105f800,
0x000000012f890000, 0x0000000141960800, 0x000000014115c000, 0x0000000141963800
}
_to_delete_list=0x0000600002538ec0, length=11, elements={
0x000000014100e000, 0x000000012f811800, 0x000000012f816800, 0x000000012f826800,
0x000000012f829800, 0x000000012f82a800, 0x000000012f82b800, 0x000000013105f800,
0x000000012f890000, 0x0000000141960800, 0x000000014115c000
}

Java Threads: ( => current thread )
  0x000000014100e000 JavaThread "main" [_thread_blocked, id=10499, stack(0x000000016db50000,0x000000016dd53000)]
  0x000000012f811800 JavaThread "Reference Handler" daemon [_thread_blocked, id=17155, stack(0x000000016e9a4000,0x000000016eba7000)]
  0x000000012f816800 JavaThread "Finalizer" daemon [_thread_blocked, id=17667, stack(0x000000016ebb0000,0x000000016edb3000)]
  0x000000012f826800 JavaThread "Signal Dispatcher" daemon [_thread_blocked, id=21763, stack(0x000000016eed4000,0x000000016f0d7000)]
  0x000000012f829800 JavaThread "Service Thread" daemon [_thread_blocked, id=22531, stack(0x000000016f0e0000,0x000000016f2e3000)]
  0x000000012f82a800 JavaThread "C2 CompilerThread0" daemon [_thread_blocked, id=32259, stack(0x000000016f2ec000,0x000000016f4ef000)]
  0x000000012f82b800 JavaThread "C1 CompilerThread0" daemon [_thread_blocked, id=23043, stack(0x000000016f4f8000,0x000000016f6fb000)]
  0x000000013105f800 JavaThread "Sweeper thread" daemon [_thread_blocked, id=30979, stack(0x000000016f704000,0x000000016f907000)]
  0x000000012f890000 JavaThread "Common-Cleaner" daemon [_thread_blocked, id=30467, stack(0x000000016f910000,0x000000016fb13000)]
  0x0000000141960800 JavaThread "JDWP Transport Listener: dt_socket" daemon [_thread_blocked, id=29955, stack(0x000000016fb1c000,0x000000016fd1f000)] _threads_hazard_ptr=0x0000600002537a80
  0x000000014115c000 JavaThread "JDWP Event Helper Thread" daemon [_thread_blocked, id=24067, stack(0x000000016fd28000,0x000000016ff2b000)]
  0x0000000141963800 JavaThread "JDWP Command Reader" daemon [_thread_in_native, id=24835, stack(0x0000000178004000,0x0000000178207000)]

Other Threads:
=>0x000000013105f000 VMThread "VM Thread" [stack: 0x000000016e798000,0x000000016e99b000] [id=16643]
  0x000000012f922800 WatcherThread [stack: 0x0000000178210000,0x0000000178413000] [id=29443]
  0x000000014100f000 GCTaskThread "GC Thread#0" [stack: 0x000000016dd5c000,0x000000016df5f000] [id=15619]
  0x0000000141051000 ConcurrentGCThread "G1 Main Marker" [stack: 0x000000016df68000,0x000000016e16b000] [id=12035]
  0x0000000141051800 ConcurrentGCThread "G1 Conc#0" [stack: 0x000000016e174000,0x000000016e377000] [id=14851]
  0x000000014180e800 ConcurrentGCThread "G1 Refine#0" [stack: 0x000000016e380000,0x000000016e583000] [id=12803]
  0x0000000141816800 ConcurrentGCThread "G1 Young RemSet Sampling" [stack: 0x000000016e58c000,0x000000016e78f000] [id=14339]

Threads with active compile tasks:

VM state:at safepoint (normal execution)

VM Mutex/Monitor currently owned by a thread:  ([mutex/lock_event])
[0x0000600000b3a080] Threads_lock - owner thread: 0x000000013105f000

Heap address: 0x00000005c0000000, size: 8192 MB, Compressed Oops mode: Zero based, Oop shift amount: 3
Narrow klass base: 0x0000000000000000, Narrow klass shift: 3
Compressed class space size: 1073741824 Address: 0x0000000300000000

Heap:
 garbage-first heap   total 524288K, used 6144K [0x00000005c0000000, 0x00000007c0000000)
  region size 2048K, 4 young (8192K), 0 survivors (0K)
 Metaspace       used 10521K, capacity 10680K, committed 10752K, reserved 1058816K
  class space    used 954K, capacity 1005K, committed 1024K, reserved 1048576K
Heap Regions: E=young(eden), S=young(survivor), O=old, HS=humongous(starts), HC=humongous(continues), CS=collection set, F=free, A=archive, TAMS=top-at-mark-start (previous, next)
|   0|0x00000005c0000000, 0x00000005c0000000, 0x00000005c0200000|  0%| F|  |TAMS 0x00000005c0000000, 0x00000005c0000000| Untracked 
|   1|0x00000005c0200000, 0x00000005c0200000, 0x00000005c0400000|  0%| F|  |TAMS 0x00000005c0200000, 0x00000005c0200000| Untracked 
|   2|0x00000005c0400000, 0x00000005c0400000, 0x00000005c0600000|  0%| F|  |TAMS 0x00000005c0400000, 0x00000005c0400000| Untracked 
|   3|0x00000005c0600000, 0x00000005c0600000, 0x00000005c0800000|  0%| F|  |TAMS 0x00000005c0600000, 0x00000005c0600000| Untracked 
|   4|0x00000005c0800000, 0x00000005c0800000, 0x00000005c0a00000|  0%| F|  |TAMS 0x00000005c0800000, 0x00000005c0800000| Untracked 
|   5|0x00000005c0a00000, 0x00000005c0a00000, 0x00000005c0c00000|  0%| F|  |TAMS 0x00000005c0a00000, 0x00000005c0a00000| Untracked 
|   6|0x00000005c0c00000, 0x00000005c0c00000, 0x00000005c0e00000|  0%| F|  |TAMS 0x00000005c0c00000, 0x00000005c0c00000| Untracked 
|   7|0x00000005c0e00000, 0x00000005c0e00000, 0x00000005c1000000|  0%| F|  |TAMS 0x00000005c0e00000, 0x00000005c0e00000| Untracked 
|   8|0x00000005c1000000, 0x00000005c1000000, 0x00000005c1200000|  0%| F|  |TAMS 0x00000005c1000000, 0x00000005c1000000| Untracked 
|   9|0x00000005c1200000, 0x00000005c1200000, 0x00000005c1400000|  0%| F|  |TAMS 0x00000005c1200000, 0x00000005c1200000| Untracked 
|  10|0x00000005c1400000, 0x00000005c1400000, 0x00000005c1600000|  0%| F|  |TAMS 0x00000005c1400000, 0x00000005c1400000| Untracked 
|  11|0x00000005c1600000, 0x00000005c1600000, 0x00000005c1800000|  0%| F|  |TAMS 0x00000005c1600000, 0x00000005c1600000| Untracked 
|  12|0x00000005c1800000, 0x00000005c1800000, 0x00000005c1a00000|  0%| F|  |TAMS 0x00000005c1800000, 0x00000005c1800000| Untracked 
|  13|0x00000005c1a00000, 0x00000005c1a00000, 0x00000005c1c00000|  0%| F|  |TAMS 0x00000005c1a00000, 0x00000005c1a00000| Untracked 
|  14|0x00000005c1c00000, 0x00000005c1c00000, 0x00000005c1e00000|  0%| F|  |TAMS 0x00000005c1c00000, 0x00000005c1c00000| Untracked 
|  15|0x00000005c1e00000, 0x00000005c1e00000, 0x00000005c2000000|  0%| F|  |TAMS 0x00000005c1e00000, 0x00000005c1e00000| Untracked 
|  16|0x00000005c2000000, 0x00000005c2000000, 0x00000005c2200000|  0%| F|  |TAMS 0x00000005c2000000, 0x00000005c2000000| Untracked 
|  17|0x00000005c2200000, 0x00000005c2200000, 0x00000005c2400000|  0%| F|  |TAMS 0x00000005c2200000, 0x00000005c2200000| Untracked 
|  18|0x00000005c2400000, 0x00000005c2400000, 0x00000005c2600000|  0%| F|  |TAMS 0x00000005c2400000, 0x00000005c2400000| Untracked 
|  19|0x00000005c2600000, 0x00000005c2600000, 0x00000005c2800000|  0%| F|  |TAMS 0x00000005c2600000, 0x00000005c2600000| Untracked 
|  20|0x00000005c2800000, 0x00000005c2800000, 0x00000005c2a00000|  0%| F|  |TAMS 0x00000005c2800000, 0x00000005c2800000| Untracked 
|  21|0x00000005c2a00000, 0x00000005c2a00000, 0x00000005c2c00000|  0%| F|  |TAMS 0x00000005c2a00000, 0x00000005c2a00000| Untracked 
|  22|0x00000005c2c00000, 0x00000005c2c00000, 0x00000005c2e00000|  0%| F|  |TAMS 0x00000005c2c00000, 0x00000005c2c00000| Untracked 
|  23|0x00000005c2e00000, 0x00000005c2e00000, 0x00000005c3000000|  0%| F|  |TAMS 0x00000005c2e00000, 0x00000005c2e00000| Untracked 
|  24|0x00000005c3000000, 0x00000005c3000000, 0x00000005c3200000|  0%| F|  |TAMS 0x00000005c3000000, 0x00000005c3000000| Untracked 
|  25|0x00000005c3200000, 0x00000005c3200000, 0x00000005c3400000|  0%| F|  |TAMS 0x00000005c3200000, 0x00000005c3200000| Untracked 
|  26|0x00000005c3400000, 0x00000005c3400000, 0x00000005c3600000|  0%| F|  |TAMS 0x00000005c3400000, 0x00000005c3400000| Untracked 
|  27|0x00000005c3600000, 0x00000005c3600000, 0x00000005c3800000|  0%| F|  |TAMS 0x00000005c3600000, 0x00000005c3600000| Untracked 
|  28|0x00000005c3800000, 0x00000005c3800000, 0x00000005c3a00000|  0%| F|  |TAMS 0x00000005c3800000, 0x00000005c3800000| Untracked 
|  29|0x00000005c3a00000, 0x00000005c3a00000, 0x00000005c3c00000|  0%| F|  |TAMS 0x00000005c3a00000, 0x00000005c3a00000| Untracked 
|  30|0x00000005c3c00000, 0x00000005c3c00000, 0x00000005c3e00000|  0%| F|  |TAMS 0x00000005c3c00000, 0x00000005c3c00000| Untracked 
|  31|0x00000005c3e00000, 0x00000005c3e00000, 0x00000005c4000000|  0%| F|  |TAMS 0x00000005c3e00000, 0x00000005c3e00000| Untracked 
|  32|0x00000005c4000000, 0x00000005c4000000, 0x00000005c4200000|  0%| F|  |TAMS 0x00000005c4000000, 0x00000005c4000000| Untracked 
|  33|0x00000005c4200000, 0x00000005c4200000, 0x00000005c4400000|  0%| F|  |TAMS 0x00000005c4200000, 0x00000005c4200000| Untracked 
|  34|0x00000005c4400000, 0x00000005c4400000, 0x00000005c4600000|  0%| F|  |TAMS 0x00000005c4400000, 0x00000005c4400000| Untracked 
|  35|0x00000005c4600000, 0x00000005c4600000, 0x00000005c4800000|  0%| F|  |TAMS 0x00000005c4600000, 0x00000005c4600000| Untracked 
|  36|0x00000005c4800000, 0x00000005c4800000, 0x00000005c4a00000|  0%| F|  |TAMS 0x00000005c4800000, 0x00000005c4800000| Untracked 
|  37|0x00000005c4a00000, 0x00000005c4a00000, 0x00000005c4c00000|  0%| F|  |TAMS 0x00000005c4a00000, 0x00000005c4a00000| Untracked 
|  38|0x00000005c4c00000, 0x00000005c4c00000, 0x00000005c4e00000|  0%| F|  |TAMS 0x00000005c4c00000, 0x00000005c4c00000| Untracked 
|  39|0x00000005c4e00000, 0x00000005c4e00000, 0x00000005c5000000|  0%| F|  |TAMS 0x00000005c4e00000, 0x00000005c4e00000| Untracked 
|  40|0x00000005c5000000, 0x00000005c5000000, 0x00000005c5200000|  0%| F|  |TAMS 0x00000005c5000000, 0x00000005c5000000| Untracked 
|  41|0x00000005c5200000, 0x00000005c5200000, 0x00000005c5400000|  0%| F|  |TAMS 0x00000005c5200000, 0x00000005c5200000| Untracked 
|  42|0x00000005c5400000, 0x00000005c5400000, 0x00000005c5600000|  0%| F|  |TAMS 0x00000005c5400000, 0x00000005c5400000| Untracked 
|  43|0x00000005c5600000, 0x00000005c5600000, 0x00000005c5800000|  0%| F|  |TAMS 0x00000005c5600000, 0x00000005c5600000| Untracked 
|  44|0x00000005c5800000, 0x00000005c5800000, 0x00000005c5a00000|  0%| F|  |TAMS 0x00000005c5800000, 0x00000005c5800000| Untracked 
|  45|0x00000005c5a00000, 0x00000005c5a00000, 0x00000005c5c00000|  0%| F|  |TAMS 0x00000005c5a00000, 0x00000005c5a00000| Untracked 
|  46|0x00000005c5c00000, 0x00000005c5c00000, 0x00000005c5e00000|  0%| F|  |TAMS 0x00000005c5c00000, 0x00000005c5c00000| Untracked 
|  47|0x00000005c5e00000, 0x00000005c5e00000, 0x00000005c6000000|  0%| F|  |TAMS 0x00000005c5e00000, 0x00000005c5e00000| Untracked 
|  48|0x00000005c6000000, 0x00000005c6000000, 0x00000005c6200000|  0%| F|  |TAMS 0x00000005c6000000, 0x00000005c6000000| Untracked 
|  49|0x00000005c6200000, 0x00000005c6200000, 0x00000005c6400000|  0%| F|  |TAMS 0x00000005c6200000, 0x00000005c6200000| Untracked 
|  50|0x00000005c6400000, 0x00000005c6400000, 0x00000005c6600000|  0%| F|  |TAMS 0x00000005c6400000, 0x00000005c6400000| Untracked 
|  51|0x00000005c6600000, 0x00000005c6600000, 0x00000005c6800000|  0%| F|  |TAMS 0x00000005c6600000, 0x00000005c6600000| Untracked 
|  52|0x00000005c6800000, 0x00000005c6800000, 0x00000005c6a00000|  0%| F|  |TAMS 0x00000005c6800000, 0x00000005c6800000| Untracked 
|  53|0x00000005c6a00000, 0x00000005c6a00000, 0x00000005c6c00000|  0%| F|  |TAMS 0x00000005c6a00000, 0x00000005c6a00000| Untracked 
|  54|0x00000005c6c00000, 0x00000005c6c00000, 0x00000005c6e00000|  0%| F|  |TAMS 0x00000005c6c00000, 0x00000005c6c00000| Untracked 
|  55|0x00000005c6e00000, 0x00000005c6e00000, 0x00000005c7000000|  0%| F|  |TAMS 0x00000005c6e00000, 0x00000005c6e00000| Untracked 
|  56|0x00000005c7000000, 0x00000005c7000000, 0x00000005c7200000|  0%| F|  |TAMS 0x00000005c7000000, 0x00000005c7000000| Untracked 
|  57|0x00000005c7200000, 0x00000005c7200000, 0x00000005c7400000|  0%| F|  |TAMS 0x00000005c7200000, 0x00000005c7200000| Untracked 
|  58|0x00000005c7400000, 0x00000005c7400000, 0x00000005c7600000|  0%| F|  |TAMS 0x00000005c7400000, 0x00000005c7400000| Untracked 
|  59|0x00000005c7600000, 0x00000005c7600000, 0x00000005c7800000|  0%| F|  |TAMS 0x00000005c7600000, 0x00000005c7600000| Untracked 
|  60|0x00000005c7800000, 0x00000005c7800000, 0x00000005c7a00000|  0%| F|  |TAMS 0x00000005c7800000, 0x00000005c7800000| Untracked 
|  61|0x00000005c7a00000, 0x00000005c7a00000, 0x00000005c7c00000|  0%| F|  |TAMS 0x00000005c7a00000, 0x00000005c7a00000| Untracked 
|  62|0x00000005c7c00000, 0x00000005c7c00000, 0x00000005c7e00000|  0%| F|  |TAMS 0x00000005c7c00000, 0x00000005c7c00000| Untracked 
|  63|0x00000005c7e00000, 0x00000005c7e00000, 0x00000005c8000000|  0%| F|  |TAMS 0x00000005c7e00000, 0x00000005c7e00000| Untracked 
|  64|0x00000005c8000000, 0x00000005c8000000, 0x00000005c8200000|  0%| F|  |TAMS 0x00000005c8000000, 0x00000005c8000000| Untracked 
|  65|0x00000005c8200000, 0x00000005c8200000, 0x00000005c8400000|  0%| F|  |TAMS 0x00000005c8200000, 0x00000005c8200000| Untracked 
|  66|0x00000005c8400000, 0x00000005c8400000, 0x00000005c8600000|  0%| F|  |TAMS 0x00000005c8400000, 0x00000005c8400000| Untracked 
|  67|0x00000005c8600000, 0x00000005c8600000, 0x00000005c8800000|  0%| F|  |TAMS 0x00000005c8600000, 0x00000005c8600000| Untracked 
|  68|0x00000005c8800000, 0x00000005c8800000, 0x00000005c8a00000|  0%| F|  |TAMS 0x00000005c8800000, 0x00000005c8800000| Untracked 
|  69|0x00000005c8a00000, 0x00000005c8a00000, 0x00000005c8c00000|  0%| F|  |TAMS 0x00000005c8a00000, 0x00000005c8a00000| Untracked 
|  70|0x00000005c8c00000, 0x00000005c8c00000, 0x00000005c8e00000|  0%| F|  |TAMS 0x00000005c8c00000, 0x00000005c8c00000| Untracked 
|  71|0x00000005c8e00000, 0x00000005c8e00000, 0x00000005c9000000|  0%| F|  |TAMS 0x00000005c8e00000, 0x00000005c8e00000| Untracked 
|  72|0x00000005c9000000, 0x00000005c9000000, 0x00000005c9200000|  0%| F|  |TAMS 0x00000005c9000000, 0x00000005c9000000| Untracked 
|  73|0x00000005c9200000, 0x00000005c9200000, 0x00000005c9400000|  0%| F|  |TAMS 0x00000005c9200000, 0x00000005c9200000| Untracked 
|  74|0x00000005c9400000, 0x00000005c9400000, 0x00000005c9600000|  0%| F|  |TAMS 0x00000005c9400000, 0x00000005c9400000| Untracked 
|  75|0x00000005c9600000, 0x00000005c9600000, 0x00000005c9800000|  0%| F|  |TAMS 0x00000005c9600000, 0x00000005c9600000| Untracked 
|  76|0x00000005c9800000, 0x00000005c9800000, 0x00000005c9a00000|  0%| F|  |TAMS 0x00000005c9800000, 0x00000005c9800000| Untracked 
|  77|0x00000005c9a00000, 0x00000005c9a00000, 0x00000005c9c00000|  0%| F|  |TAMS 0x00000005c9a00000, 0x00000005c9a00000| Untracked 
|  78|0x00000005c9c00000, 0x00000005c9c00000, 0x00000005c9e00000|  0%| F|  |TAMS 0x00000005c9c00000, 0x00000005c9c00000| Untracked 
|  79|0x00000005c9e00000, 0x00000005c9e00000, 0x00000005ca000000|  0%| F|  |TAMS 0x00000005c9e00000, 0x00000005c9e00000| Untracked 
|  80|0x00000005ca000000, 0x00000005ca000000, 0x00000005ca200000|  0%| F|  |TAMS 0x00000005ca000000, 0x00000005ca000000| Untracked 
|  81|0x00000005ca200000, 0x00000005ca200000, 0x00000005ca400000|  0%| F|  |TAMS 0x00000005ca200000, 0x00000005ca200000| Untracked 
|  82|0x00000005ca400000, 0x00000005ca400000, 0x00000005ca600000|  0%| F|  |TAMS 0x00000005ca400000, 0x00000005ca400000| Untracked 
|  83|0x00000005ca600000, 0x00000005ca600000, 0x00000005ca800000|  0%| F|  |TAMS 0x00000005ca600000, 0x00000005ca600000| Untracked 
|  84|0x00000005ca800000, 0x00000005ca800000, 0x00000005caa00000|  0%| F|  |TAMS 0x00000005ca800000, 0x00000005ca800000| Untracked 
|  85|0x00000005caa00000, 0x00000005caa00000, 0x00000005cac00000|  0%| F|  |TAMS 0x00000005caa00000, 0x00000005caa00000| Untracked 
|  86|0x00000005cac00000, 0x00000005cac00000, 0x00000005cae00000|  0%| F|  |TAMS 0x00000005cac00000, 0x00000005cac00000| Untracked 
|  87|0x00000005cae00000, 0x00000005cae00000, 0x00000005cb000000|  0%| F|  |TAMS 0x00000005cae00000, 0x00000005cae00000| Untracked 
|  88|0x00000005cb000000, 0x00000005cb000000, 0x00000005cb200000|  0%| F|  |TAMS 0x00000005cb000000, 0x00000005cb000000| Untracked 
|  89|0x00000005cb200000, 0x00000005cb200000, 0x00000005cb400000|  0%| F|  |TAMS 0x00000005cb200000, 0x00000005cb200000| Untracked 
|  90|0x00000005cb400000, 0x00000005cb400000, 0x00000005cb600000|  0%| F|  |TAMS 0x00000005cb400000, 0x00000005cb400000| Untracked 
|  91|0x00000005cb600000, 0x00000005cb600000, 0x00000005cb800000|  0%| F|  |TAMS 0x00000005cb600000, 0x00000005cb600000| Untracked 
|  92|0x00000005cb800000, 0x00000005cb800000, 0x00000005cba00000|  0%| F|  |TAMS 0x00000005cb800000, 0x00000005cb800000| Untracked 
|  93|0x00000005cba00000, 0x00000005cba00000, 0x00000005cbc00000|  0%| F|  |TAMS 0x00000005cba00000, 0x00000005cba00000| Untracked 
|  94|0x00000005cbc00000, 0x00000005cbc00000, 0x00000005cbe00000|  0%| F|  |TAMS 0x00000005cbc00000, 0x00000005cbc00000| Untracked 
|  95|0x00000005cbe00000, 0x00000005cbe00000, 0x00000005cc000000|  0%| F|  |TAMS 0x00000005cbe00000, 0x00000005cbe00000| Untracked 
|  96|0x00000005cc000000, 0x00000005cc000000, 0x00000005cc200000|  0%| F|  |TAMS 0x00000005cc000000, 0x00000005cc000000| Untracked 
|  97|0x00000005cc200000, 0x00000005cc200000, 0x00000005cc400000|  0%| F|  |TAMS 0x00000005cc200000, 0x00000005cc200000| Untracked 
|  98|0x00000005cc400000, 0x00000005cc400000, 0x00000005cc600000|  0%| F|  |TAMS 0x00000005cc400000, 0x00000005cc400000| Untracked 
|  99|0x00000005cc600000, 0x00000005cc600000, 0x00000005cc800000|  0%| F|  |TAMS 0x00000005cc600000, 0x00000005cc600000| Untracked 
| 100|0x00000005cc800000, 0x00000005cc800000, 0x00000005cca00000|  0%| F|  |TAMS 0x00000005cc800000, 0x00000005cc800000| Untracked 
| 101|0x00000005cca00000, 0x00000005cca00000, 0x00000005ccc00000|  0%| F|  |TAMS 0x00000005cca00000, 0x00000005cca00000| Untracked 
| 102|0x00000005ccc00000, 0x00000005ccc00000, 0x00000005cce00000|  0%| F|  |TAMS 0x00000005ccc00000, 0x00000005ccc00000| Untracked 
| 103|0x00000005cce00000, 0x00000005cce00000, 0x00000005cd000000|  0%| F|  |TAMS 0x00000005cce00000, 0x00000005cce00000| Untracked 
| 104|0x00000005cd000000, 0x00000005cd000000, 0x00000005cd200000|  0%| F|  |TAMS 0x00000005cd000000, 0x00000005cd000000| Untracked 
| 105|0x00000005cd200000, 0x00000005cd200000, 0x00000005cd400000|  0%| F|  |TAMS 0x00000005cd200000, 0x00000005cd200000| Untracked 
| 106|0x00000005cd400000, 0x00000005cd400000, 0x00000005cd600000|  0%| F|  |TAMS 0x00000005cd400000, 0x00000005cd400000| Untracked 
| 107|0x00000005cd600000, 0x00000005cd600000, 0x00000005cd800000|  0%| F|  |TAMS 0x00000005cd600000, 0x00000005cd600000| Untracked 
| 108|0x00000005cd800000, 0x00000005cd800000, 0x00000005cda00000|  0%| F|  |TAMS 0x00000005cd800000, 0x00000005cd800000| Untracked 
| 109|0x00000005cda00000, 0x00000005cda00000, 0x00000005cdc00000|  0%| F|  |TAMS 0x00000005cda00000, 0x00000005cda00000| Untracked 
| 110|0x00000005cdc00000, 0x00000005cdc00000, 0x00000005cde00000|  0%| F|  |TAMS 0x00000005cdc00000, 0x00000005cdc00000| Untracked 
| 111|0x00000005cde00000, 0x00000005cde00000, 0x00000005ce000000|  0%| F|  |TAMS 0x00000005cde00000, 0x00000005cde00000| Untracked 
| 112|0x00000005ce000000, 0x00000005ce000000, 0x00000005ce200000|  0%| F|  |TAMS 0x00000005ce000000, 0x00000005ce000000| Untracked 
| 113|0x00000005ce200000, 0x00000005ce200000, 0x00000005ce400000|  0%| F|  |TAMS 0x00000005ce200000, 0x00000005ce200000| Untracked 
| 114|0x00000005ce400000, 0x00000005ce400000, 0x00000005ce600000|  0%| F|  |TAMS 0x00000005ce400000, 0x00000005ce400000| Untracked 
| 115|0x00000005ce600000, 0x00000005ce600000, 0x00000005ce800000|  0%| F|  |TAMS 0x00000005ce600000, 0x00000005ce600000| Untracked 
| 116|0x00000005ce800000, 0x00000005ce800000, 0x00000005cea00000|  0%| F|  |TAMS 0x00000005ce800000, 0x00000005ce800000| Untracked 
| 117|0x00000005cea00000, 0x00000005cea00000, 0x00000005cec00000|  0%| F|  |TAMS 0x00000005cea00000, 0x00000005cea00000| Untracked 
| 118|0x00000005cec00000, 0x00000005cec00000, 0x00000005cee00000|  0%| F|  |TAMS 0x00000005cec00000, 0x00000005cec00000| Untracked 
| 119|0x00000005cee00000, 0x00000005cee00000, 0x00000005cf000000|  0%| F|  |TAMS 0x00000005cee00000, 0x00000005cee00000| Untracked 
| 120|0x00000005cf000000, 0x00000005cf000000, 0x00000005cf200000|  0%| F|  |TAMS 0x00000005cf000000, 0x00000005cf000000| Untracked 
| 121|0x00000005cf200000, 0x00000005cf200000, 0x00000005cf400000|  0%| F|  |TAMS 0x00000005cf200000, 0x00000005cf200000| Untracked 
| 122|0x00000005cf400000, 0x00000005cf400000, 0x00000005cf600000|  0%| F|  |TAMS 0x00000005cf400000, 0x00000005cf400000| Untracked 
| 123|0x00000005cf600000, 0x00000005cf600000, 0x00000005cf800000|  0%| F|  |TAMS 0x00000005cf600000, 0x00000005cf600000| Untracked 
| 124|0x00000005cf800000, 0x00000005cf800000, 0x00000005cfa00000|  0%| F|  |TAMS 0x00000005cf800000, 0x00000005cf800000| Untracked 
| 125|0x00000005cfa00000, 0x00000005cfa00000, 0x00000005cfc00000|  0%| F|  |TAMS 0x00000005cfa00000, 0x00000005cfa00000| Untracked 
| 126|0x00000005cfc00000, 0x00000005cfc00000, 0x00000005cfe00000|  0%| F|  |TAMS 0x00000005cfc00000, 0x00000005cfc00000| Untracked 
| 127|0x00000005cfe00000, 0x00000005cfe00000, 0x00000005d0000000|  0%| F|  |TAMS 0x00000005cfe00000, 0x00000005cfe00000| Untracked 
| 128|0x00000005d0000000, 0x00000005d0000000, 0x00000005d0200000|  0%| F|  |TAMS 0x00000005d0000000, 0x00000005d0000000| Untracked 
| 129|0x00000005d0200000, 0x00000005d0200000, 0x00000005d0400000|  0%| F|  |TAMS 0x00000005d0200000, 0x00000005d0200000| Untracked 
| 130|0x00000005d0400000, 0x00000005d0400000, 0x00000005d0600000|  0%| F|  |TAMS 0x00000005d0400000, 0x00000005d0400000| Untracked 
| 131|0x00000005d0600000, 0x00000005d0600000, 0x00000005d0800000|  0%| F|  |TAMS 0x00000005d0600000, 0x00000005d0600000| Untracked 
| 132|0x00000005d0800000, 0x00000005d0800000, 0x00000005d0a00000|  0%| F|  |TAMS 0x00000005d0800000, 0x00000005d0800000| Untracked 
| 133|0x00000005d0a00000, 0x00000005d0a00000, 0x00000005d0c00000|  0%| F|  |TAMS 0x00000005d0a00000, 0x00000005d0a00000| Untracked 
| 134|0x00000005d0c00000, 0x00000005d0c00000, 0x00000005d0e00000|  0%| F|  |TAMS 0x00000005d0c00000, 0x00000005d0c00000| Untracked 
| 135|0x00000005d0e00000, 0x00000005d0e00000, 0x00000005d1000000|  0%| F|  |TAMS 0x00000005d0e00000, 0x00000005d0e00000| Untracked 
| 136|0x00000005d1000000, 0x00000005d1000000, 0x00000005d1200000|  0%| F|  |TAMS 0x00000005d1000000, 0x00000005d1000000| Untracked 
| 137|0x00000005d1200000, 0x00000005d1200000, 0x00000005d1400000|  0%| F|  |TAMS 0x00000005d1200000, 0x00000005d1200000| Untracked 
| 138|0x00000005d1400000, 0x00000005d1400000, 0x00000005d1600000|  0%| F|  |TAMS 0x00000005d1400000, 0x00000005d1400000| Untracked 
| 139|0x00000005d1600000, 0x00000005d1600000, 0x00000005d1800000|  0%| F|  |TAMS 0x00000005d1600000, 0x00000005d1600000| Untracked 
| 140|0x00000005d1800000, 0x00000005d1800000, 0x00000005d1a00000|  0%| F|  |TAMS 0x00000005d1800000, 0x00000005d1800000| Untracked 
| 141|0x00000005d1a00000, 0x00000005d1a00000, 0x00000005d1c00000|  0%| F|  |TAMS 0x00000005d1a00000, 0x00000005d1a00000| Untracked 
| 142|0x00000005d1c00000, 0x00000005d1c00000, 0x00000005d1e00000|  0%| F|  |TAMS 0x00000005d1c00000, 0x00000005d1c00000| Untracked 
| 143|0x00000005d1e00000, 0x00000005d1e00000, 0x00000005d2000000|  0%| F|  |TAMS 0x00000005d1e00000, 0x00000005d1e00000| Untracked 
| 144|0x00000005d2000000, 0x00000005d2000000, 0x00000005d2200000|  0%| F|  |TAMS 0x00000005d2000000, 0x00000005d2000000| Untracked 
| 145|0x00000005d2200000, 0x00000005d2200000, 0x00000005d2400000|  0%| F|  |TAMS 0x00000005d2200000, 0x00000005d2200000| Untracked 
| 146|0x00000005d2400000, 0x00000005d2400000, 0x00000005d2600000|  0%| F|  |TAMS 0x00000005d2400000, 0x00000005d2400000| Untracked 
| 147|0x00000005d2600000, 0x00000005d2600000, 0x00000005d2800000|  0%| F|  |TAMS 0x00000005d2600000, 0x00000005d2600000| Untracked 
| 148|0x00000005d2800000, 0x00000005d2800000, 0x00000005d2a00000|  0%| F|  |TAMS 0x00000005d2800000, 0x00000005d2800000| Untracked 
| 149|0x00000005d2a00000, 0x00000005d2a00000, 0x00000005d2c00000|  0%| F|  |TAMS 0x00000005d2a00000, 0x00000005d2a00000| Untracked 
| 150|0x00000005d2c00000, 0x00000005d2c00000, 0x00000005d2e00000|  0%| F|  |TAMS 0x00000005d2c00000, 0x00000005d2c00000| Untracked 
| 151|0x00000005d2e00000, 0x00000005d2e00000, 0x00000005d3000000|  0%| F|  |TAMS 0x00000005d2e00000, 0x00000005d2e00000| Untracked 
| 152|0x00000005d3000000, 0x00000005d3000000, 0x00000005d3200000|  0%| F|  |TAMS 0x00000005d3000000, 0x00000005d3000000| Untracked 
| 153|0x00000005d3200000, 0x00000005d3200000, 0x00000005d3400000|  0%| F|  |TAMS 0x00000005d3200000, 0x00000005d3200000| Untracked 
| 154|0x00000005d3400000, 0x00000005d3400000, 0x00000005d3600000|  0%| F|  |TAMS 0x00000005d3400000, 0x00000005d3400000| Untracked 
| 155|0x00000005d3600000, 0x00000005d3600000, 0x00000005d3800000|  0%| F|  |TAMS 0x00000005d3600000, 0x00000005d3600000| Untracked 
| 156|0x00000005d3800000, 0x00000005d3800000, 0x00000005d3a00000|  0%| F|  |TAMS 0x00000005d3800000, 0x00000005d3800000| Untracked 
| 157|0x00000005d3a00000, 0x00000005d3a00000, 0x00000005d3c00000|  0%| F|  |TAMS 0x00000005d3a00000, 0x00000005d3a00000| Untracked 
| 158|0x00000005d3c00000, 0x00000005d3c00000, 0x00000005d3e00000|  0%| F|  |TAMS 0x00000005d3c00000, 0x00000005d3c00000| Untracked 
| 159|0x00000005d3e00000, 0x00000005d3e00000, 0x00000005d4000000|  0%| F|  |TAMS 0x00000005d3e00000, 0x00000005d3e00000| Untracked 
| 160|0x00000005d4000000, 0x00000005d4000000, 0x00000005d4200000|  0%| F|  |TAMS 0x00000005d4000000, 0x00000005d4000000| Untracked 
| 161|0x00000005d4200000, 0x00000005d4200000, 0x00000005d4400000|  0%| F|  |TAMS 0x00000005d4200000, 0x00000005d4200000| Untracked 
| 162|0x00000005d4400000, 0x00000005d4400000, 0x00000005d4600000|  0%| F|  |TAMS 0x00000005d4400000, 0x00000005d4400000| Untracked 
| 163|0x00000005d4600000, 0x00000005d4600000, 0x00000005d4800000|  0%| F|  |TAMS 0x00000005d4600000, 0x00000005d4600000| Untracked 
| 164|0x00000005d4800000, 0x00000005d4800000, 0x00000005d4a00000|  0%| F|  |TAMS 0x00000005d4800000, 0x00000005d4800000| Untracked 
| 165|0x00000005d4a00000, 0x00000005d4a00000, 0x00000005d4c00000|  0%| F|  |TAMS 0x00000005d4a00000, 0x00000005d4a00000| Untracked 
| 166|0x00000005d4c00000, 0x00000005d4c00000, 0x00000005d4e00000|  0%| F|  |TAMS 0x00000005d4c00000, 0x00000005d4c00000| Untracked 
| 167|0x00000005d4e00000, 0x00000005d4e00000, 0x00000005d5000000|  0%| F|  |TAMS 0x00000005d4e00000, 0x00000005d4e00000| Untracked 
| 168|0x00000005d5000000, 0x00000005d5000000, 0x00000005d5200000|  0%| F|  |TAMS 0x00000005d5000000, 0x00000005d5000000| Untracked 
| 169|0x00000005d5200000, 0x00000005d5200000, 0x00000005d5400000|  0%| F|  |TAMS 0x00000005d5200000, 0x00000005d5200000| Untracked 
| 170|0x00000005d5400000, 0x00000005d5400000, 0x00000005d5600000|  0%| F|  |TAMS 0x00000005d5400000, 0x00000005d5400000| Untracked 
| 171|0x00000005d5600000, 0x00000005d5600000, 0x00000005d5800000|  0%| F|  |TAMS 0x00000005d5600000, 0x00000005d5600000| Untracked 
| 172|0x00000005d5800000, 0x00000005d5800000, 0x00000005d5a00000|  0%| F|  |TAMS 0x00000005d5800000, 0x00000005d5800000| Untracked 
| 173|0x00000005d5a00000, 0x00000005d5a00000, 0x00000005d5c00000|  0%| F|  |TAMS 0x00000005d5a00000, 0x00000005d5a00000| Untracked 
| 174|0x00000005d5c00000, 0x00000005d5c00000, 0x00000005d5e00000|  0%| F|  |TAMS 0x00000005d5c00000, 0x00000005d5c00000| Untracked 
| 175|0x00000005d5e00000, 0x00000005d5e00000, 0x00000005d6000000|  0%| F|  |TAMS 0x00000005d5e00000, 0x00000005d5e00000| Untracked 
| 176|0x00000005d6000000, 0x00000005d6000000, 0x00000005d6200000|  0%| F|  |TAMS 0x00000005d6000000, 0x00000005d6000000| Untracked 
| 177|0x00000005d6200000, 0x00000005d6200000, 0x00000005d6400000|  0%| F|  |TAMS 0x00000005d6200000, 0x00000005d6200000| Untracked 
| 178|0x00000005d6400000, 0x00000005d6400000, 0x00000005d6600000|  0%| F|  |TAMS 0x00000005d6400000, 0x00000005d6400000| Untracked 
| 179|0x00000005d6600000, 0x00000005d6600000, 0x00000005d6800000|  0%| F|  |TAMS 0x00000005d6600000, 0x00000005d6600000| Untracked 
| 180|0x00000005d6800000, 0x00000005d6800000, 0x00000005d6a00000|  0%| F|  |TAMS 0x00000005d6800000, 0x00000005d6800000| Untracked 
| 181|0x00000005d6a00000, 0x00000005d6a00000, 0x00000005d6c00000|  0%| F|  |TAMS 0x00000005d6a00000, 0x00000005d6a00000| Untracked 
| 182|0x00000005d6c00000, 0x00000005d6c00000, 0x00000005d6e00000|  0%| F|  |TAMS 0x00000005d6c00000, 0x00000005d6c00000| Untracked 
| 183|0x00000005d6e00000, 0x00000005d6e00000, 0x00000005d7000000|  0%| F|  |TAMS 0x00000005d6e00000, 0x00000005d6e00000| Untracked 
| 184|0x00000005d7000000, 0x00000005d7000000, 0x00000005d7200000|  0%| F|  |TAMS 0x00000005d7000000, 0x00000005d7000000| Untracked 
| 185|0x00000005d7200000, 0x00000005d7200000, 0x00000005d7400000|  0%| F|  |TAMS 0x00000005d7200000, 0x00000005d7200000| Untracked 
| 186|0x00000005d7400000, 0x00000005d7400000, 0x00000005d7600000|  0%| F|  |TAMS 0x00000005d7400000, 0x00000005d7400000| Untracked 
| 187|0x00000005d7600000, 0x00000005d7600000, 0x00000005d7800000|  0%| F|  |TAMS 0x00000005d7600000, 0x00000005d7600000| Untracked 
| 188|0x00000005d7800000, 0x00000005d7800000, 0x00000005d7a00000|  0%| F|  |TAMS 0x00000005d7800000, 0x00000005d7800000| Untracked 
| 189|0x00000005d7a00000, 0x00000005d7a00000, 0x00000005d7c00000|  0%| F|  |TAMS 0x00000005d7a00000, 0x00000005d7a00000| Untracked 
| 190|0x00000005d7c00000, 0x00000005d7c00000, 0x00000005d7e00000|  0%| F|  |TAMS 0x00000005d7c00000, 0x00000005d7c00000| Untracked 
| 191|0x00000005d7e00000, 0x00000005d7e00000, 0x00000005d8000000|  0%| F|  |TAMS 0x00000005d7e00000, 0x00000005d7e00000| Untracked 
| 192|0x00000005d8000000, 0x00000005d8000000, 0x00000005d8200000|  0%| F|  |TAMS 0x00000005d8000000, 0x00000005d8000000| Untracked 
| 193|0x00000005d8200000, 0x00000005d8200000, 0x00000005d8400000|  0%| F|  |TAMS 0x00000005d8200000, 0x00000005d8200000| Untracked 
| 194|0x00000005d8400000, 0x00000005d8400000, 0x00000005d8600000|  0%| F|  |TAMS 0x00000005d8400000, 0x00000005d8400000| Untracked 
| 195|0x00000005d8600000, 0x00000005d8600000, 0x00000005d8800000|  0%| F|  |TAMS 0x00000005d8600000, 0x00000005d8600000| Untracked 
| 196|0x00000005d8800000, 0x00000005d8800000, 0x00000005d8a00000|  0%| F|  |TAMS 0x00000005d8800000, 0x00000005d8800000| Untracked 
| 197|0x00000005d8a00000, 0x00000005d8a00000, 0x00000005d8c00000|  0%| F|  |TAMS 0x00000005d8a00000, 0x00000005d8a00000| Untracked 
| 198|0x00000005d8c00000, 0x00000005d8c00000, 0x00000005d8e00000|  0%| F|  |TAMS 0x00000005d8c00000, 0x00000005d8c00000| Untracked 
| 199|0x00000005d8e00000, 0x00000005d8e00000, 0x00000005d9000000|  0%| F|  |TAMS 0x00000005d8e00000, 0x00000005d8e00000| Untracked 
| 200|0x00000005d9000000, 0x00000005d9000000, 0x00000005d9200000|  0%| F|  |TAMS 0x00000005d9000000, 0x00000005d9000000| Untracked 
| 201|0x00000005d9200000, 0x00000005d9200000, 0x00000005d9400000|  0%| F|  |TAMS 0x00000005d9200000, 0x00000005d9200000| Untracked 
| 202|0x00000005d9400000, 0x00000005d9400000, 0x00000005d9600000|  0%| F|  |TAMS 0x00000005d9400000, 0x00000005d9400000| Untracked 
| 203|0x00000005d9600000, 0x00000005d9600000, 0x00000005d9800000|  0%| F|  |TAMS 0x00000005d9600000, 0x00000005d9600000| Untracked 
| 204|0x00000005d9800000, 0x00000005d9800000, 0x00000005d9a00000|  0%| F|  |TAMS 0x00000005d9800000, 0x00000005d9800000| Untracked 
| 205|0x00000005d9a00000, 0x00000005d9a00000, 0x00000005d9c00000|  0%| F|  |TAMS 0x00000005d9a00000, 0x00000005d9a00000| Untracked 
| 206|0x00000005d9c00000, 0x00000005d9c00000, 0x00000005d9e00000|  0%| F|  |TAMS 0x00000005d9c00000, 0x00000005d9c00000| Untracked 
| 207|0x00000005d9e00000, 0x00000005d9e00000, 0x00000005da000000|  0%| F|  |TAMS 0x00000005d9e00000, 0x00000005d9e00000| Untracked 
| 208|0x00000005da000000, 0x00000005da000000, 0x00000005da200000|  0%| F|  |TAMS 0x00000005da000000, 0x00000005da000000| Untracked 
| 209|0x00000005da200000, 0x00000005da200000, 0x00000005da400000|  0%| F|  |TAMS 0x00000005da200000, 0x00000005da200000| Untracked 
| 210|0x00000005da400000, 0x00000005da400000, 0x00000005da600000|  0%| F|  |TAMS 0x00000005da400000, 0x00000005da400000| Untracked 
| 211|0x00000005da600000, 0x00000005da600000, 0x00000005da800000|  0%| F|  |TAMS 0x00000005da600000, 0x00000005da600000| Untracked 
| 212|0x00000005da800000, 0x00000005da800000, 0x00000005daa00000|  0%| F|  |TAMS 0x00000005da800000, 0x00000005da800000| Untracked 
| 213|0x00000005daa00000, 0x00000005daa00000, 0x00000005dac00000|  0%| F|  |TAMS 0x00000005daa00000, 0x00000005daa00000| Untracked 
| 214|0x00000005dac00000, 0x00000005dac00000, 0x00000005dae00000|  0%| F|  |TAMS 0x00000005dac00000, 0x00000005dac00000| Untracked 
| 215|0x00000005dae00000, 0x00000005dae00000, 0x00000005db000000|  0%| F|  |TAMS 0x00000005dae00000, 0x00000005dae00000| Untracked 
| 216|0x00000005db000000, 0x00000005db000000, 0x00000005db200000|  0%| F|  |TAMS 0x00000005db000000, 0x00000005db000000| Untracked 
| 217|0x00000005db200000, 0x00000005db200000, 0x00000005db400000|  0%| F|  |TAMS 0x00000005db200000, 0x00000005db200000| Untracked 
| 218|0x00000005db400000, 0x00000005db400000, 0x00000005db600000|  0%| F|  |TAMS 0x00000005db400000, 0x00000005db400000| Untracked 
| 219|0x00000005db600000, 0x00000005db600000, 0x00000005db800000|  0%| F|  |TAMS 0x00000005db600000, 0x00000005db600000| Untracked 
| 220|0x00000005db800000, 0x00000005db800000, 0x00000005dba00000|  0%| F|  |TAMS 0x00000005db800000, 0x00000005db800000| Untracked 
| 221|0x00000005dba00000, 0x00000005dba00000, 0x00000005dbc00000|  0%| F|  |TAMS 0x00000005dba00000, 0x00000005dba00000| Untracked 
| 222|0x00000005dbc00000, 0x00000005dbc00000, 0x00000005dbe00000|  0%| F|  |TAMS 0x00000005dbc00000, 0x00000005dbc00000| Untracked 
| 223|0x00000005dbe00000, 0x00000005dbe00000, 0x00000005dc000000|  0%| F|  |TAMS 0x00000005dbe00000, 0x00000005dbe00000| Untracked 
| 224|0x00000005dc000000, 0x00000005dc000000, 0x00000005dc200000|  0%| F|  |TAMS 0x00000005dc000000, 0x00000005dc000000| Untracked 
| 225|0x00000005dc200000, 0x00000005dc200000, 0x00000005dc400000|  0%| F|  |TAMS 0x00000005dc200000, 0x00000005dc200000| Untracked 
| 226|0x00000005dc400000, 0x00000005dc400000, 0x00000005dc600000|  0%| F|  |TAMS 0x00000005dc400000, 0x00000005dc400000| Untracked 
| 227|0x00000005dc600000, 0x00000005dc600000, 0x00000005dc800000|  0%| F|  |TAMS 0x00000005dc600000, 0x00000005dc600000| Untracked 
| 228|0x00000005dc800000, 0x00000005dc800000, 0x00000005dca00000|  0%| F|  |TAMS 0x00000005dc800000, 0x00000005dc800000| Untracked 
| 229|0x00000005dca00000, 0x00000005dca00000, 0x00000005dcc00000|  0%| F|  |TAMS 0x00000005dca00000, 0x00000005dca00000| Untracked 
| 230|0x00000005dcc00000, 0x00000005dcc00000, 0x00000005dce00000|  0%| F|  |TAMS 0x00000005dcc00000, 0x00000005dcc00000| Untracked 
| 231|0x00000005dce00000, 0x00000005dce00000, 0x00000005dd000000|  0%| F|  |TAMS 0x00000005dce00000, 0x00000005dce00000| Untracked 
| 232|0x00000005dd000000, 0x00000005dd000000, 0x00000005dd200000|  0%| F|  |TAMS 0x00000005dd000000, 0x00000005dd000000| Untracked 
| 233|0x00000005dd200000, 0x00000005dd200000, 0x00000005dd400000|  0%| F|  |TAMS 0x00000005dd200000, 0x00000005dd200000| Untracked 
| 234|0x00000005dd400000, 0x00000005dd400000, 0x00000005dd600000|  0%| F|  |TAMS 0x00000005dd400000, 0x00000005dd400000| Untracked 
| 235|0x00000005dd600000, 0x00000005dd600000, 0x00000005dd800000|  0%| F|  |TAMS 0x00000005dd600000, 0x00000005dd600000| Untracked 
| 236|0x00000005dd800000, 0x00000005dd800000, 0x00000005dda00000|  0%| F|  |TAMS 0x00000005dd800000, 0x00000005dd800000| Untracked 
| 237|0x00000005dda00000, 0x00000005dda00000, 0x00000005ddc00000|  0%| F|  |TAMS 0x00000005dda00000, 0x00000005dda00000| Untracked 
| 238|0x00000005ddc00000, 0x00000005ddc00000, 0x00000005dde00000|  0%| F|  |TAMS 0x00000005ddc00000, 0x00000005ddc00000| Untracked 
| 239|0x00000005dde00000, 0x00000005dde00000, 0x00000005de000000|  0%| F|  |TAMS 0x00000005dde00000, 0x00000005dde00000| Untracked 
| 240|0x00000005de000000, 0x00000005de000000, 0x00000005de200000|  0%| F|  |TAMS 0x00000005de000000, 0x00000005de000000| Untracked 
| 241|0x00000005de200000, 0x00000005de200000, 0x00000005de400000|  0%| F|  |TAMS 0x00000005de200000, 0x00000005de200000| Untracked 
| 242|0x00000005de400000, 0x00000005de400000, 0x00000005de600000|  0%| F|  |TAMS 0x00000005de400000, 0x00000005de400000| Untracked 
| 243|0x00000005de600000, 0x00000005de600000, 0x00000005de800000|  0%| F|  |TAMS 0x00000005de600000, 0x00000005de600000| Untracked 
| 244|0x00000005de800000, 0x00000005de800000, 0x00000005dea00000|  0%| F|  |TAMS 0x00000005de800000, 0x00000005de800000| Untracked 
| 245|0x00000005dea00000, 0x00000005dea00000, 0x00000005dec00000|  0%| F|  |TAMS 0x00000005dea00000, 0x00000005dea00000| Untracked 
| 246|0x00000005dec00000, 0x00000005dec00000, 0x00000005dee00000|  0%| F|  |TAMS 0x00000005dec00000, 0x00000005dec00000| Untracked 
| 247|0x00000005dee00000, 0x00000005dee00000, 0x00000005df000000|  0%| F|  |TAMS 0x00000005dee00000, 0x00000005dee00000| Untracked 
| 248|0x00000005df000000, 0x00000005df000000, 0x00000005df200000|  0%| F|  |TAMS 0x00000005df000000, 0x00000005df000000| Untracked 
| 249|0x00000005df200000, 0x00000005df200000, 0x00000005df400000|  0%| F|  |TAMS 0x00000005df200000, 0x00000005df200000| Untracked 
| 250|0x00000005df400000, 0x00000005df400000, 0x00000005df600000|  0%| F|  |TAMS 0x00000005df400000, 0x00000005df400000| Untracked 
| 251|0x00000005df600000, 0x00000005df600000, 0x00000005df800000|  0%| F|  |TAMS 0x00000005df600000, 0x00000005df600000| Untracked 
| 252|0x00000005df800000, 0x00000005df8f6518, 0x00000005dfa00000| 48%| E|  |TAMS 0x00000005df800000, 0x00000005df800000| Complete 
| 253|0x00000005dfa00000, 0x00000005dfc00000, 0x00000005dfc00000|100%| E|CS|TAMS 0x00000005dfa00000, 0x00000005dfa00000| Complete 
| 254|0x00000005dfc00000, 0x00000005dfe00000, 0x00000005dfe00000|100%| E|CS|TAMS 0x00000005dfc00000, 0x00000005dfc00000| Complete 
| 255|0x00000005dfe00000, 0x00000005e0000000, 0x00000005e0000000|100%| E|CS|TAMS 0x00000005dfe00000, 0x00000005dfe00000| Complete 

Card table byte_map: [0x000000011b604000,0x000000011c604000] _byte_map_base: 0x0000000118804000

Marking Bits (Prev, Next): (CMBitMap*) 0x0000000141018618, (CMBitMap*) 0x0000000141018650
 Prev Bits: [0x000000011d604000, 0x0000000125604000)
 Next Bits: [0x0000000125604000, 0x000000012d604000)

Polling page: 0x0000000102354000

Metaspace:

Usage:
  Non-class:      9.45 MB capacity,     9.34 MB ( 99%) used,    95.88 KB ( <1%) free+waste,    12.00 KB ( <1%) overhead. 
      Class:   1005.00 KB capacity,   954.10 KB ( 95%) used,    45.52 KB (  5%) free+waste,     5.38 KB ( <1%) overhead. 
       Both:     10.43 MB capacity,    10.27 MB ( 99%) used,   141.41 KB (  1%) free+waste,    17.38 KB ( <1%) overhead. 

Virtual space:
  Non-class space:       10.00 MB reserved,       9.50 MB ( 95%) committed 
      Class space:        1.00 GB reserved,       1.00 MB ( <1%) committed 
             Both:        1.01 GB reserved,      10.50 MB (  1%) committed 

Chunk freelists:
   Non-Class:  6.62 KB
       Class:  2.38 KB
        Both:  9.00 KB

CodeHeap 'non-profiled nmethods': size=120032Kb used=144Kb max_used=144Kb free=119887Kb
 bounds [0x00000001130cc000, 0x000000011333c000, 0x000000011a604000]
CodeHeap 'profiled nmethods': size=120016Kb used=785Kb max_used=785Kb free=119230Kb
 bounds [0x000000010bb98000, 0x000000010be08000, 0x00000001130cc000]
CodeHeap 'non-nmethods': size=5712Kb used=1054Kb max_used=1083Kb free=4657Kb
 bounds [0x000000010b604000, 0x000000010b874000, 0x000000010bb98000]
 total_blobs=881 nmethods=509 adapters=296
 compilation: enabled
              stopped_count=0, restarted_count=0
 full_count=0

Compilation events (10 events):
Event: 2381.792 Thread 0x000000012f82b800  506       3       org.eclipse.jdt.launching.internal.org.objectweb.asm.SymbolTable::addConstantMemberReference (29 bytes)
Event: 2381.792 Thread 0x000000012f82a800  505       4       org.eclipse.jdt.launching.internal.org.objectweb.asm.ClassReader::readUtf (161 bytes)
Event: 2381.794 Thread 0x000000012f82b800 nmethod 506 0x000000010bc5a590 code [0x000000010bc5a7c0, 0x000000010bc5acc0]
Event: 2381.794 Thread 0x000000012f82b800  507       3       org.eclipse.jdt.launching.internal.org.objectweb.asm.SymbolTable::hash (20 bytes)
Event: 2381.794 Thread 0x000000012f82b800 nmethod 507 0x000000010bc5b090 code [0x000000010bc5b280, 0x000000010bc5b520]
Event: 2381.798 Thread 0x000000012f82a800 nmethod 505 0x00000001130ef090 code [0x00000001130ef2c0, 0x00000001130efc70]
Event: 2423.484 Thread 0x000000012f82b800  508       3       org.eclipse.jdt.launching.internal.org.objectweb.asm.SymbolTable::addConstantNameAndType (28 bytes)
Event: 2423.487 Thread 0x000000012f82b800 nmethod 508 0x000000010bc5b710 code [0x000000010bc5b900, 0x000000010bc5bd90]
Event: 2423.487 Thread 0x000000012f82b800  509       3       org.eclipse.jdt.launching.internal.org.objectweb.asm.SymbolTable::hash (15 bytes)
Event: 2423.487 Thread 0x000000012f82b800 nmethod 509 0x000000010bc5c090 code [0x000000010bc5c240, 0x000000010bc5c470]

GC Heap History (0 events):
No events

Deoptimization events (4 events):
Event: 0.121 Thread 0x000000014100e000 Uncommon trap: reason=unstable_if action=reinterpret pc=0x00000001130d8d78 method=java.util.HashMap.putVal(ILjava/lang/Object;Ljava/lang/Object;ZZ)Ljava/lang/Object; @ 181 c2
Event: 0.166 Thread 0x000000014100e000 Uncommon trap: reason=unstable_if action=reinterpret pc=0x00000001130d5938 method=java.lang.String.isLatin1()Z @ 10 c2
Event: 0.166 Thread 0x000000014100e000 Uncommon trap: reason=unstable_if action=reinterpret pc=0x00000001130db164 method=java.lang.String.isLatin1()Z @ 10 c2
Event: 0.177 Thread 0x000000014100e000 Uncommon trap: reason=unstable_if action=reinterpret pc=0x00000001130d04c0 method=java.lang.String.isLatin1()Z @ 10 c2

Classes redefined (10 events):
Event: 846.870 Thread 0x000000013105f000 redefined class name=repeat_.Quiz02, count=16
Event: 857.732 Thread 0x000000013105f000 redefined class name=repeat_.Quiz02, count=17
Event: 940.482 Thread 0x000000013105f000 redefined class name=repeat_.Quiz02, count=18
Event: 2137.595 Thread 0x000000013105f000 redefined class name=repeat_.Quiz02, count=19
Event: 2147.177 Thread 0x000000013105f000 redefined class name=repeat_.Quiz02, count=20
Event: 2210.441 Thread 0x000000013105f000 redefined class name=repeat_.Quiz02, count=21
Event: 2290.077 Thread 0x000000013105f000 redefined class name=repeat_.Quiz02, count=22
Event: 2306.753 Thread 0x000000013105f000 redefined class name=repeat_.Quiz02, count=23
Event: 2381.794 Thread 0x000000013105f000 redefined class name=repeat_.Quiz02, count=24
Event: 2423.486 Thread 0x000000013105f000 redefined class name=repeat_.Quiz02, count=25

Internal exceptions (10 events):
Event: 0.041 Thread 0x000000014100e000 Exception <a 'java/lang/NoSuchMethodError'{0x00000005dff997b8}: java.lang.invoke.DirectMethodHandle$Holder.invokeSpecial(Ljava/lang/Object;Ljava/lang/Object;Ljava/lang/Object;Ljava/lang/Object;)I> (0x00000005dff997b8) thrown at [open/src/hotspot/share/int
Event: 0.043 Thread 0x000000014100e000 Exception <a 'java/lang/NoSuchMethodError'{0x00000005dffab000}: java.lang.invoke.DirectMethodHandle$Holder.invokeVirtual(Ljava/lang/Object;Ljava/lang/Object;)V> (0x00000005dffab000) thrown at [open/src/hotspot/share/interpreter/linkResolver.cpp, line 772]
Event: 0.119 Thread 0x000000014100e000 Exception <a 'java/lang/NoSuchMethodError'{0x00000005dfd21550}: java.lang.invoke.DirectMethodHandle$Holder.invokeStaticInit(Ljava/lang/Object;Ljava/lang/Object;)V> (0x00000005dfd21550) thrown at [open/src/hotspot/share/interpreter/linkResolver.cpp, line 7
Event: 0.135 Thread 0x000000014100e000 Exception <a 'java/lang/NoSuchMethodError'{0x00000005dfa075b0}: java.lang.invoke.DirectMethodHandle$Holder.invokeStatic(Ljava/lang/Object;I)Ljava/lang/Object;> (0x00000005dfa075b0) thrown at [open/src/hotspot/share/interpreter/linkResolver.cpp, line 772]
Event: 0.135 Thread 0x000000014100e000 Exception <a 'java/lang/NoSuchMethodError'{0x00000005dfa0add8}: java.lang.invoke.Invokers$Holder.linkToTargetMethod(ILjava/lang/Object;)Ljava/lang/Object;> (0x00000005dfa0add8) thrown at [open/src/hotspot/share/interpreter/linkResolver.cpp, line 772]
Event: 0.170 Thread 0x000000014100e000 Exception <a 'java/lang/NoSuchMethodError'{0x00000005dfbe66a8}: java.lang.invoke.DirectMethodHandle$Holder.invokeStatic(Ljava/lang/Object;Ljava/lang/Object;I)I> (0x00000005dfbe66a8) thrown at [open/src/hotspot/share/interpreter/linkResolver.cpp, line 772]
Event: 0.170 Thread 0x000000014100e000 Exception <a 'java/lang/NoSuchMethodError'{0x00000005dfbf0b70}: java.lang.invoke.DirectMethodHandle$Holder.invokeStatic(Ljava/lang/Object;III)I> (0x00000005dfbf0b70) thrown at [open/src/hotspot/share/interpreter/linkResolver.cpp, line 772]
Event: 0.171 Thread 0x000000014100e000 Exception <a 'java/lang/NoSuchMethodError'{0x00000005dfbf95f8}: java.lang.invoke.DirectMethodHandle$Holder.invokeSpecialIFC(Ljava/lang/Object;Ljava/lang/Object;I)I> (0x00000005dfbf95f8) thrown at [open/src/hotspot/share/interpreter/linkResolver.cpp, line 
Event: 0.171 Thread 0x000000014100e000 Exception <a 'java/lang/NoSuchMethodError'{0x00000005dfbff148}: java.lang.invoke.DirectMethodHandle$Holder.invokeSpecialIFC(Ljava/lang/Object;Ljava/lang/Object;Ljava/lang/Object;I)I> (0x00000005dfbff148) thrown at [open/src/hotspot/share/interpreter/linkR
Event: 4.925 Thread 0x000000014100e000 Exception <a 'java/lang/NullPointerException'{0x00000005df8db560}> (0x00000005df8db560) thrown at [open/src/hotspot/share/interpreter/linkResolver.cpp, line 1354]

Events (10 events):
Event: 2441.393 Executing VM operation: GetOwnedMonitorInfo done
Event: 2441.394 Executing VM operation: GetCurrentContendedMonitor
Event: 2441.394 Executing VM operation: GetCurrentContendedMonitor done
Event: 2441.502 Executing VM operation: GetFrameCount
Event: 2441.502 Executing VM operation: GetFrameCount done
Event: 2441.502 Executing VM operation: GetOwnedMonitorInfo
Event: 2441.502 Executing VM operation: GetOwnedMonitorInfo done
Event: 2441.502 Executing VM operation: GetCurrentContendedMonitor
Event: 2441.502 Executing VM operation: GetCurrentContendedMonitor done
Event: 2441.516 Executing VM operation: GetOrSetLocal


Dynamic libraries:
0x00000001027bc000 	/Library/Java/JavaVirtualMachines/jdk-11.jdk/Contents/Home/lib/jli/libjli.dylib
0x000000019d977000 	/System/Library/Frameworks/Cocoa.framework/Versions/A/Cocoa
0x0000000186f1e000 	/System/Library/Frameworks/AppKit.framework/Versions/C/AppKit
0x0000000189f8a000 	/System/Library/Frameworks/CoreData.framework/Versions/A/CoreData
0x00000001847d1000 	/System/Library/Frameworks/Foundation.framework/Versions/C/Foundation
0x0000000190298000 	/usr/lib/libSystem.B.dylib
0x000000018825b000 	/System/Library/PrivateFrameworks/UIFoundation.framework/Versions/A/UIFoundation
0x000000021ee3b000 	/System/Library/PrivateFrameworks/CollectionViewCore.framework/Versions/A/CollectionViewCore
0x0000000197511000 	/System/Library/PrivateFrameworks/RemoteViewServices.framework/Versions/A/RemoteViewServices
0x000000018e145000 	/System/Library/PrivateFrameworks/XCTTargetBootstrap.framework/Versions/A/XCTTargetBootstrap
0x00000001928d4000 	/System/Library/PrivateFrameworks/InternationalSupport.framework/Versions/A/InternationalSupport
0x0000000192928000 	/System/Library/PrivateFrameworks/UserActivity.framework/Versions/A/UserActivity
0x0000000243292000 	/System/Library/PrivateFrameworks/WindowManagement.framework/Versions/A/WindowManagement
0x0000000184451000 	/System/Library/Frameworks/SystemConfiguration.framework/Versions/A/SystemConfiguration
0x0000000191d42000 	/usr/lib/libspindump.dylib
0x0000000188410000 	/System/Library/Frameworks/UniformTypeIdentifiers.framework/Versions/A/UniformTypeIdentifiers
0x000000018bfbc000 	/usr/lib/libapp_launch_measurement.dylib
0x000000018b3e2000 	/System/Library/PrivateFrameworks/CoreAnalytics.framework/Versions/A/CoreAnalytics
0x000000018bfc3000 	/System/Library/PrivateFrameworks/CoreAutoLayout.framework/Versions/A/CoreAutoLayout
0x000000018d965000 	/System/Library/Frameworks/Metal.framework/Versions/A/Metal
0x000000018e8ed000 	/usr/lib/liblangid.dylib
0x000000018e14b000 	/System/Library/PrivateFrameworks/CoreSVG.framework/Versions/A/CoreSVG
0x0000000188dd5000 	/System/Library/PrivateFrameworks/SkyLight.framework/Versions/A/SkyLight
0x0000000189276000 	/System/Library/Frameworks/CoreGraphics.framework/Versions/A/CoreGraphics
0x0000000197beb000 	/System/Library/Frameworks/Accelerate.framework/Versions/A/Accelerate
0x0000000191b9c000 	/System/Library/PrivateFrameworks/IconServices.framework/Versions/A/IconServices
0x000000018d943000 	/System/Library/Frameworks/IOSurface.framework/Versions/A/IOSurface
0x000000018b411000 	/usr/lib/libDiagnosticMessagesClient.dylib
0x00000001901da000 	/usr/lib/libz.1.dylib
0x000000019b390000 	/System/Library/Frameworks/ApplicationServices.framework/Versions/A/ApplicationServices
0x000000018e12d000 	/System/Library/PrivateFrameworks/DFRFoundation.framework/Versions/A/DFRFoundation
0x0000000186778000 	/usr/lib/libicucore.A.dylib
0x0000000193932000 	/System/Library/Frameworks/AudioToolbox.framework/Versions/A/AudioToolbox
0x00000001928e3000 	/System/Library/PrivateFrameworks/DataDetectorsCore.framework/Versions/A/DataDetectorsCore
0x00000001ac356000 	/System/Library/PrivateFrameworks/TextInput.framework/Versions/A/TextInput
0x0000000188d26000 	/usr/lib/libMobileGestalt.dylib
0x000000018de69000 	/System/Library/Frameworks/Carbon.framework/Versions/A/Frameworks/HIToolbox.framework/Versions/A/HIToolbox
0x000000018b8e8000 	/System/Library/Frameworks/QuartzCore.framework/Versions/A/QuartzCore
0x00000001863a5000 	/System/Library/Frameworks/Security.framework/Versions/A/Security
0x0000000197551000 	/System/Library/Frameworks/Carbon.framework/Versions/A/Frameworks/SpeechRecognition.framework/Versions/A/SpeechRecognition
0x000000018bcea000 	/System/Library/PrivateFrameworks/CoreUI.framework/Versions/A/CoreUI
0x0000000185c9e000 	/System/Library/Frameworks/CoreAudio.framework/Versions/A/CoreAudio
0x000000018b4f5000 	/System/Library/Frameworks/DiskArbitration.framework/Versions/A/DiskArbitration
0x000000019219e000 	/System/Library/PrivateFrameworks/MultitouchSupport.framework/Versions/A/MultitouchSupport
0x0000000188d24000 	/usr/lib/libenergytrace.dylib
0x00000001a1a4f000 	/System/Library/PrivateFrameworks/RenderBox.framework/Versions/A/RenderBox
0x0000000186dd2000 	/System/Library/Frameworks/IOKit.framework/Versions/A/IOKit
0x0000000197926000 	/System/Library/Frameworks/CoreServices.framework/Versions/A/CoreServices
0x000000018bf48000 	/System/Library/PrivateFrameworks/PerformanceAnalysis.framework/Versions/A/PerformanceAnalysis
0x00000001da2fb000 	/System/Library/Frameworks/OpenGL.framework/Versions/A/OpenGL
0x000000018c00d000 	/usr/lib/libxml2.2.dylib
0x000000018f61c000 	/System/Library/PrivateFrameworks/MobileKeyBag.framework/Versions/A/MobileKeyBag
0x000000018323c000 	/usr/lib/libobjc.A.dylib
0x0000000183530000 	/usr/lib/libc++.1.dylib
0x00000001978a3000 	/System/Library/Frameworks/Accessibility.framework/Versions/A/Accessibility
0x0000000189956000 	/System/Library/Frameworks/ColorSync.framework/Versions/A/ColorSync
0x000000018367c000 	/System/Library/Frameworks/CoreFoundation.framework/Versions/A/CoreFoundation
0x000000018e4a8000 	/System/Library/Frameworks/CoreImage.framework/Versions/A/CoreImage
0x0000000185aa9000 	/System/Library/Frameworks/CoreText.framework/Versions/A/CoreText
0x00000001deb5a000 	/System/Library/Frameworks/CoreTransferable.framework/Versions/A/CoreTransferable
0x00000001df01f000 	/System/Library/Frameworks/DeveloperToolsSupport.framework/Versions/A/DeveloperToolsSupport
0x000000018e186000 	/System/Library/Frameworks/ImageIO.framework/Versions/A/ImageIO
0x0000000218fdb000 	/System/Library/Frameworks/Symbols.framework/Versions/A/Symbols
0x000000019029e000 	/System/Library/PrivateFrameworks/SoftLinking.framework/Versions/A/SoftLinking
0x00000001932e4000 	/usr/lib/swift/libswiftCore.dylib
0x00000001a8fe3000 	/usr/lib/swift/libswiftCoreFoundation.dylib
0x00000001a6a4c000 	/usr/lib/swift/libswiftCoreGraphics.dylib
0x00000001a902d000 	/usr/lib/swift/libswiftCoreImage.dylib
0x00000001a6a53000 	/usr/lib/swift/libswiftDarwin.dylib
0x0000000198f96000 	/usr/lib/swift/libswiftDispatch.dylib
0x00000001a902e000 	/usr/lib/swift/libswiftIOKit.dylib
0x00000001b4a88000 	/usr/lib/swift/libswiftMetal.dylib
0x00000001c214d000 	/usr/lib/swift/libswiftOSLog.dylib
0x000000019b80b000 	/usr/lib/swift/libswiftObjectiveC.dylib
0x00000001b91bc000 	/usr/lib/swift/libswiftQuartzCore.dylib
0x00000001bd2c1000 	/usr/lib/swift/libswiftUniformTypeIdentifiers.dylib
0x00000001a8ff5000 	/usr/lib/swift/libswiftXPC.dylib
0x000000024b739000 	/usr/lib/swift/libswift_Concurrency.dylib
0x000000019b80f000 	/usr/lib/swift/libswiftos.dylib
0x00000001ac2ba000 	/usr/lib/swift/libswiftsimd.dylib
0x000000019044d000 	/usr/lib/libcompression.dylib
0x000000019282e000 	/System/Library/PrivateFrameworks/TextureIO.framework/Versions/A/TextureIO
0x0000000191848000 	/usr/lib/libate.dylib
0x0000000190292000 	/usr/lib/system/libcache.dylib
0x000000019024c000 	/usr/lib/system/libcommonCrypto.dylib
0x0000000190278000 	/usr/lib/system/libcompiler_rt.dylib
0x000000019026e000 	/usr/lib/system/libcopyfile.dylib
0x0000000183380000 	/usr/lib/system/libcorecrypto.dylib
0x0000000183466000 	/usr/lib/system/libdispatch.dylib
0x0000000183621000 	/usr/lib/system/libdyld.dylib
0x0000000190288000 	/usr/lib/system/libkeymgr.dylib
0x0000000190224000 	/usr/lib/system/libmacho.dylib
0x000000018f704000 	/usr/lib/system/libquarantine.dylib
0x0000000190285000 	/usr/lib/system/libremovefile.dylib
0x0000000188d9c000 	/usr/lib/system/libsystem_asl.dylib
0x0000000183315000 	/usr/lib/system/libsystem_blocks.dylib
0x00000001834b1000 	/usr/lib/system/libsystem_c.dylib
0x000000019027c000 	/usr/lib/system/libsystem_collections.dylib
0x000000018e8dc000 	/usr/lib/system/libsystem_configuration.dylib
0x000000018d918000 	/usr/lib/system/libsystem_containermanager.dylib
0x000000018febb000 	/usr/lib/system/libsystem_coreservices.dylib
0x0000000186a3f000 	/usr/lib/system/libsystem_darwin.dylib
0x000000024ba86000 	/usr/lib/system/libsystem_darwindirectory.dylib
0x0000000190289000 	/usr/lib/system/libsystem_dnssd.dylib
0x000000024ba8a000 	/usr/lib/system/libsystem_eligibility.dylib
0x00000001834ae000 	/usr/lib/system/libsystem_featureflags.dylib
0x000000018364f000 	/usr/lib/system/libsystem_info.dylib
0x00000001901e9000 	/usr/lib/system/libsystem_m.dylib
0x0000000183429000 	/usr/lib/system/libsystem_malloc.dylib
0x0000000188d09000 	/usr/lib/system/libsystem_networkextension.dylib
0x0000000186eb5000 	/usr/lib/system/libsystem_notify.dylib
0x000000018e8e1000 	/usr/lib/system/libsystem_sandbox.dylib
0x000000024ba8e000 	/usr/lib/system/libsystem_sanitizers.dylib
0x0000000190281000 	/usr/lib/system/libsystem_secinit.dylib
0x00000001835d9000 	/usr/lib/system/libsystem_kernel.dylib
0x0000000183647000 	/usr/lib/system/libsystem_platform.dylib
0x0000000183614000 	/usr/lib/system/libsystem_pthread.dylib
0x000000018a78c000 	/usr/lib/system/libsystem_symptoms.dylib
0x0000000183365000 	/usr/lib/system/libsystem_trace.dylib
0x000000019025a000 	/usr/lib/system/libunwind.dylib
0x000000018331a000 	/usr/lib/system/libxpc.dylib
0x00000001835bd000 	/usr/lib/libc++abi.dylib
0x0000000190266000 	/usr/lib/liboah.dylib
0x00000001916f4000 	/usr/lib/liblzma.5.dylib
0x000000019029a000 	/usr/lib/libfakelink.dylib
0x0000000188935000 	/System/Library/Frameworks/CFNetwork.framework/Versions/A/CFNetwork
0x00000001902ee000 	/usr/lib/libarchive.2.dylib
0x0000000195824000 	/System/Library/Frameworks/Combine.framework/Versions/A/Combine
0x000000021ee4f000 	/System/Library/PrivateFrameworks/CollectionsInternal.framework/Versions/A/CollectionsInternal
0x00000002357ff000 	/System/Library/PrivateFrameworks/ReflectionInternal.framework/Versions/A/ReflectionInternal
0x0000000235d91000 	/System/Library/PrivateFrameworks/RuntimeInternal.framework/Versions/A/RuntimeInternal
0x000000024b88d000 	/usr/lib/swift/libswift_StringProcessing.dylib
0x0000000186d50000 	/System/Library/PrivateFrameworks/CoreServicesInternal.framework/Versions/A/CoreServicesInternal
0x000000018f72b000 	/usr/lib/libbsm.0.dylib
0x000000019022c000 	/usr/lib/system/libkxld.dylib
0x000000018bf84000 	/System/Library/Frameworks/CoreServices.framework/Versions/A/Frameworks/FSEvents.framework/Versions/A/FSEvents
0x0000000186a4a000 	/System/Library/Frameworks/CoreServices.framework/Versions/A/Frameworks/CarbonCore.framework/Versions/A/CarbonCore
0x000000018b45a000 	/System/Library/Frameworks/CoreServices.framework/Versions/A/Frameworks/Metadata.framework/Versions/A/Metadata
0x000000018fec1000 	/System/Library/Frameworks/CoreServices.framework/Versions/A/Frameworks/OSServices.framework/Versions/A/OSServices
0x0000000190377000 	/System/Library/Frameworks/CoreServices.framework/Versions/A/Frameworks/SearchKit.framework/Versions/A/SearchKit
0x000000018a70d000 	/System/Library/Frameworks/CoreServices.framework/Versions/A/Frameworks/AE.framework/Versions/A/AE
0x0000000183b55000 	/System/Library/Frameworks/CoreServices.framework/Versions/A/Frameworks/LaunchServices.framework/Versions/A/LaunchServices
0x000000019169d000 	/System/Library/Frameworks/CoreServices.framework/Versions/A/Frameworks/DictionaryServices.framework/Versions/A/DictionaryServices
0x000000018bf91000 	/System/Library/Frameworks/CoreServices.framework/Versions/A/Frameworks/SharedFileList.framework/Versions/A/SharedFileList
0x0000000190417000 	/usr/lib/libapple_nghttp2.dylib
0x000000018a381000 	/usr/lib/libsqlite3.dylib
0x000000018a795000 	/System/Library/Frameworks/Network.framework/Versions/A/Network
0x000000024a14a000 	/usr/lib/libCoreEntitlements.dylib
0x0000000230709000 	/System/Library/PrivateFrameworks/MessageSecurity.framework/Versions/A/MessageSecurity
0x000000018a367000 	/System/Library/PrivateFrameworks/ProtocolBuffer.framework/Versions/A/ProtocolBuffer
0x000000018fdea000 	/System/Library/PrivateFrameworks/AppleFSCompression.framework/Versions/A/AppleFSCompression
0x000000018f713000 	/usr/lib/libcoretls.dylib
0x0000000191713000 	/usr/lib/libcoretls_cfhelpers.dylib
0x0000000190447000 	/usr/lib/libpam.2.dylib
0x0000000191785000 	/usr/lib/libxar.1.dylib
0x0000000191b73000 	/usr/lib/libheimdal-asn1.dylib
0x0000000188934000 	/usr/lib/libnetwork.dylib
0x000000019029f000 	/usr/lib/libpcap.A.dylib
0x000000018a781000 	/usr/lib/libdns_services.dylib
0x000000018e8e9000 	/System/Library/PrivateFrameworks/AppleSystemInfo.framework/Versions/A/AppleSystemInfo
0x000000018f411000 	/System/Library/PrivateFrameworks/IOMobileFramebuffer.framework/Versions/A/IOMobileFramebuffer
0x000000024b7e4000 	/usr/lib/swift/libswift_RegexParser.dylib
0x000000018feae000 	/usr/lib/libbz2.1.0.dylib
0x000000018f707000 	/usr/lib/libCheckFix.dylib
0x0000000188db4000 	/System/Library/PrivateFrameworks/TCC.framework/Versions/A/TCC
0x000000018e8ef000 	/System/Library/PrivateFrameworks/CoreNLP.framework/Versions/A/CoreNLP
0x000000018b413000 	/System/Library/PrivateFrameworks/MetadataUtilities.framework/Versions/A/MetadataUtilities
0x000000018f73d000 	/usr/lib/libmecab.dylib
0x00000001844e5000 	/usr/lib/libCRFSuite.dylib
0x000000018f799000 	/usr/lib/libgermantok.dylib
0x00000001903ee000 	/usr/lib/libThaiTokenizer.dylib
0x000000018b4fe000 	/System/Library/Frameworks/Accelerate.framework/Versions/A/Frameworks/vImage.framework/Versions/A/vImage
0x00000001978fd000 	/System/Library/Frameworks/Accelerate.framework/Versions/A/Frameworks/vecLib.framework/Versions/A/vecLib
0x00000001917cc000 	/System/Library/Frameworks/Accelerate.framework/Versions/A/Frameworks/vecLib.framework/Versions/A/libvMisc.dylib
0x000000018f2ec000 	/System/Library/Frameworks/Accelerate.framework/Versions/A/Frameworks/vecLib.framework/Versions/A/libvDSP.dylib
0x0000000183f5c000 	/System/Library/Frameworks/Accelerate.framework/Versions/A/Frameworks/vecLib.framework/Versions/A/libBLAS.dylib
0x0000000190522000 	/System/Library/Frameworks/Accelerate.framework/Versions/A/Frameworks/vecLib.framework/Versions/A/libLAPACK.dylib
0x000000018f79c000 	/System/Library/Frameworks/Accelerate.framework/Versions/A/Frameworks/vecLib.framework/Versions/A/libLinearAlgebra.dylib
0x0000000190432000 	/System/Library/Frameworks/Accelerate.framework/Versions/A/Frameworks/vecLib.framework/Versions/A/libSparseBLAS.dylib
0x000000019051d000 	/System/Library/Frameworks/Accelerate.framework/Versions/A/Frameworks/vecLib.framework/Versions/A/libQuadrature.dylib
0x000000018ea18000 	/System/Library/Frameworks/Accelerate.framework/Versions/A/Frameworks/vecLib.framework/Versions/A/libBNNS.dylib
0x00000001843ea000 	/System/Library/Frameworks/Accelerate.framework/Versions/A/Frameworks/vecLib.framework/Versions/A/libSparse.dylib
0x000000022ee58000 	/System/Library/PrivateFrameworks/MIL.framework/Versions/A/MIL
0x00000001902d5000 	/usr/lib/libiconv.2.dylib
0x0000000190220000 	/usr/lib/libcharset.1.dylib
0x000000018bf64000 	/System/Library/Frameworks/OpenDirectory.framework/Versions/A/Frameworks/CFOpenDirectory.framework/Versions/A/CFOpenDirectory
0x000000018bf54000 	/System/Library/Frameworks/OpenDirectory.framework/Versions/A/OpenDirectory
0x0000000191715000 	/System/Library/PrivateFrameworks/APFS.framework/Versions/A/APFS
0x000000018f643000 	/System/Library/Frameworks/SecurityFoundation.framework/Versions/A/SecurityFoundation
0x0000000191794000 	/usr/lib/libutil.dylib
0x000000022cfb9000 	/System/Library/PrivateFrameworks/InstalledContentLibrary.framework/Versions/A/InstalledContentLibrary
0x0000000186d91000 	/System/Library/PrivateFrameworks/CoreServicesStore.framework/Versions/A/CoreServicesStore
0x000000021c5fc000 	/System/Library/PrivateFrameworks/AppleMobileFileIntegrity.framework/Versions/A/AppleMobileFileIntegrity
0x00000001a8fb1000 	/usr/lib/libmis.dylib
0x00000001b96a3000 	/System/Library/PrivateFrameworks/MobileSystemServices.framework/Versions/A/MobileSystemServices
0x00000001d7705000 	/System/Library/PrivateFrameworks/ConfigProfileHelper.framework/Versions/A/ConfigProfileHelper
0x00000001903f0000 	/System/Library/PrivateFrameworks/AppleSauce.framework/Versions/A/AppleSauce
0x000000018542f000 	/System/Library/PrivateFrameworks/LanguageModeling.framework/Versions/A/LanguageModeling
0x0000000191798000 	/usr/lib/libxslt.1.dylib
0x00000001902dc000 	/usr/lib/libcmph.dylib
0x000000018f3dd000 	/System/Library/PrivateFrameworks/CoreEmoji.framework/Versions/A/CoreEmoji
0x000000018ea12000 	/System/Library/PrivateFrameworks/LinguisticData.framework/Versions/A/LinguisticData
0x00000001842f8000 	/System/Library/PrivateFrameworks/Lexicon.framework/Versions/A/Lexicon
0x000000018f6d1000 	/System/Library/PrivateFrameworks/BackgroundTaskManagement.framework/Versions/A/BackgroundTaskManagement
0x000000024a334000 	/usr/lib/libTLE.dylib
0x0000000192064000 	/System/Library/PrivateFrameworks/AppleJPEG.framework/Versions/A/AppleJPEG
0x0000000191b58000 	/usr/lib/libexpat.1.dylib
0x000000019268c000 	/System/Library/Frameworks/ImageIO.framework/Versions/A/Resources/libPng.dylib
0x00000001926b7000 	/System/Library/Frameworks/ImageIO.framework/Versions/A/Resources/libTIFF.dylib
0x00000001927a2000 	/System/Library/Frameworks/ImageIO.framework/Versions/A/Resources/libGIF.dylib
0x00000001920aa000 	/System/Library/Frameworks/ImageIO.framework/Versions/A/Resources/libJP2.dylib
0x0000000192747000 	/System/Library/Frameworks/ImageIO.framework/Versions/A/Resources/libJPEG.dylib
0x000000019273e000 	/System/Library/Frameworks/ImageIO.framework/Versions/A/Resources/libRadiance.dylib
0x000000018dd04000 	/System/Library/PrivateFrameworks/FontServices.framework/libFontParser.dylib
0x000000018a6a6000 	/System/Library/PrivateFrameworks/RunningBoardServices.framework/Versions/A/RunningBoardServices
0x000000019e251000 	/System/Library/PrivateFrameworks/IOSurfaceAccelerator.framework/Versions/A/IOSurfaceAccelerator
0x000000019219a000 	/System/Library/PrivateFrameworks/WatchdogClient.framework/Versions/A/WatchdogClient
0x0000000185615000 	/System/Library/Frameworks/CoreDisplay.framework/Versions/A/CoreDisplay
0x000000018dbbb000 	/System/Library/Frameworks/CoreMedia.framework/Versions/A/CoreMedia
0x000000018d95b000 	/System/Library/PrivateFrameworks/IOAccelerator.framework/Versions/A/IOAccelerator
0x000000018c0f7000 	/System/Library/Frameworks/CoreVideo.framework/Versions/A/CoreVideo
0x0000000190445000 	/System/Library/Frameworks/MetalPerformanceShaders.framework/Versions/A/MetalPerformanceShaders
0x00000001921dd000 	/System/Library/Frameworks/VideoToolbox.framework/Versions/A/VideoToolbox
0x000000018c193000 	/System/Library/PrivateFrameworks/UserManagement.framework/Versions/A/UserManagement
0x000000018a5cd000 	/System/Library/PrivateFrameworks/BaseBoard.framework/Versions/A/BaseBoard
0x000000018e8e7000 	/System/Library/PrivateFrameworks/AggregateDictionary.framework/Versions/A/AggregateDictionary
0x000000021c436000 	/System/Library/PrivateFrameworks/AppleKeyStore.framework/Versions/A/AppleKeyStore
0x0000000192739000 	/System/Library/PrivateFrameworks/GPUWrangler.framework/Versions/A/GPUWrangler
0x0000000192719000 	/System/Library/PrivateFrameworks/IOPresentment.framework/Versions/A/IOPresentment
0x0000000192741000 	/System/Library/PrivateFrameworks/DSExternalDisplay.framework/Versions/A/DSExternalDisplay
0x0000000229046000 	/System/Library/PrivateFrameworks/GPUCompiler.framework/Versions/32023/Libraries/libllvm-flatbuffers.dylib
0x00000001da2ee000 	/System/Library/Frameworks/OpenGL.framework/Versions/A/Libraries/libCoreFSCache.dylib
0x0000000225caa000 	/System/Library/PrivateFrameworks/GPUCompiler.framework/Versions/32023/Libraries/libGPUCompilerUtils.dylib
0x00000001927a8000 	/System/Library/PrivateFrameworks/CMCaptureCore.framework/Versions/A/CMCaptureCore
0x00000001df142000 	/System/Library/Frameworks/ExtensionFoundation.framework/Versions/A/ExtensionFoundation
0x00000001997ff000 	/System/Library/PrivateFrameworks/CoreTime.framework/Versions/A/CoreTime
0x0000000191d2c000 	/System/Library/PrivateFrameworks/AppServerSupport.framework/Versions/A/AppServerSupport
0x00000001942c0000 	/System/Library/PrivateFrameworks/perfdata.framework/Versions/A/perfdata
0x0000000185739000 	/System/Library/PrivateFrameworks/AudioToolboxCore.framework/Versions/A/AudioToolboxCore
0x000000018db91000 	/System/Library/PrivateFrameworks/caulk.framework/Versions/A/caulk
0x0000000193b2e000 	/usr/lib/libAudioStatistics.dylib
0x00000001a82ea000 	/System/Library/PrivateFrameworks/SystemPolicy.framework/Versions/A/SystemPolicy
0x0000000193e07000 	/usr/lib/libSMC.dylib
0x000000019d7f9000 	/System/Library/Frameworks/CoreMIDI.framework/Versions/A/CoreMIDI
0x0000000192653000 	/usr/lib/libAudioToolboxUtility.dylib
0x00000001a36eb000 	/System/Library/PrivateFrameworks/OSAServicesClient.framework/Versions/A/OSAServicesClient
0x00000001942ce000 	/usr/lib/libperfcheck.dylib
0x00000001992b6000 	/System/Library/PrivateFrameworks/BoardServices.framework/Versions/A/BoardServices
0x0000000191a40000 	/System/Library/PrivateFrameworks/PlugInKit.framework/Versions/A/PlugInKit
0x000000018f635000 	/System/Library/PrivateFrameworks/AssertionServices.framework/Versions/A/AssertionServices
0x000000019c90a000 	/System/Library/PrivateFrameworks/ASEProcessing.framework/Versions/A/ASEProcessing
0x00000001c55d4000 	/System/Library/PrivateFrameworks/Symbolication.framework/Versions/A/Symbolication
0x00000002345ec000 	/System/Library/PrivateFrameworks/PhotosensitivityProcessing.framework/Versions/A/PhotosensitivityProcessing
0x0000000191cdd000 	/System/Library/PrivateFrameworks/GraphVisualizer.framework/Versions/A/GraphVisualizer
0x00000001da350000 	/System/Library/Frameworks/OpenGL.framework/Versions/A/Libraries/libGLU.dylib
0x00000001da30f000 	/System/Library/Frameworks/OpenGL.framework/Versions/A/Libraries/libGFXShared.dylib
0x00000001da4e8000 	/System/Library/Frameworks/OpenGL.framework/Versions/A/Libraries/libGL.dylib
0x00000001da318000 	/System/Library/Frameworks/OpenGL.framework/Versions/A/Libraries/libGLImage.dylib
0x00000001da30c000 	/System/Library/Frameworks/OpenGL.framework/Versions/A/Libraries/libCVMSPluginSupport.dylib
0x000000024a2ec000 	/usr/lib/libRosetta.dylib
0x00000001da2f5000 	/System/Library/Frameworks/OpenGL.framework/Versions/A/Libraries/libCoreVMClient.dylib
0x0000000223eb0000 	/System/Library/PrivateFrameworks/FontServices.framework/Versions/A/FontServices
0x0000000191ce9000 	/System/Library/PrivateFrameworks/OTSVG.framework/Versions/A/OTSVG
0x000000018bc98000 	/System/Library/Frameworks/ApplicationServices.framework/Versions/A/Frameworks/ATS.framework/Versions/A/Resources/libFontRegistry.dylib
0x0000000191d37000 	/System/Library/PrivateFrameworks/FontServices.framework/libhvf.dylib
0x0000000223eb1000 	/System/Library/PrivateFrameworks/FontServices.framework/libXTFontStaticRegistryData.dylib
0x000000018e82e000 	/System/Library/Frameworks/MetalPerformanceShaders.framework/Versions/A/Frameworks/MPSCore.framework/Versions/A/MPSCore
0x000000018fd58000 	/System/Library/Frameworks/MetalPerformanceShaders.framework/Versions/A/Frameworks/MPSImage.framework/Versions/A/MPSImage
0x000000018f7b1000 	/System/Library/Frameworks/MetalPerformanceShaders.framework/Versions/A/Frameworks/MPSNeuralNetwork.framework/Versions/A/MPSNeuralNetwork
0x000000018fbfc000 	/System/Library/Frameworks/MetalPerformanceShaders.framework/Versions/A/Frameworks/MPSMatrix.framework/Versions/A/MPSMatrix
0x000000018fa07000 	/System/Library/Frameworks/MetalPerformanceShaders.framework/Versions/A/Frameworks/MPSRayIntersector.framework/Versions/A/MPSRayIntersector
0x000000018fc2e000 	/System/Library/Frameworks/MetalPerformanceShaders.framework/Versions/A/Frameworks/MPSNDArray.framework/Versions/A/MPSNDArray
0x00000001e0a1c000 	/System/Library/Frameworks/MetalPerformanceShaders.framework/Versions/A/Frameworks/MPSFunctions.framework/Versions/A/MPSFunctions
0x00000001e0a01000 	/System/Library/Frameworks/MetalPerformanceShaders.framework/Versions/A/Frameworks/MPSBenchmarkLoop.framework/Versions/A/MPSBenchmarkLoop
0x0000000183e10000 	/System/Library/PrivateFrameworks/MetalTools.framework/Versions/A/MetalTools
0x00000001ad493000 	/System/Library/PrivateFrameworks/IOAccelMemoryInfo.framework/Versions/A/IOAccelMemoryInfo
0x00000001b959c000 	/System/Library/PrivateFrameworks/kperf.framework/Versions/A/kperf
0x00000001a8fd6000 	/System/Library/PrivateFrameworks/GPURawCounter.framework/Versions/A/GPURawCounter
0x00000001996d1000 	/System/Library/PrivateFrameworks/CoreSymbolication.framework/Versions/A/CoreSymbolication
0x00000001a8f82000 	/System/Library/PrivateFrameworks/MallocStackLogging.framework/Versions/A/MallocStackLogging
0x00000001918e2000 	/System/Library/PrivateFrameworks/CrashReporterSupport.framework/Versions/A/CrashReporterSupport
0x000000019968c000 	/System/Library/PrivateFrameworks/DebugSymbols.framework/Versions/A/DebugSymbols
0x00000001b7f03000 	/System/Library/PrivateFrameworks/OSAnalytics.framework/Versions/A/OSAnalytics
0x00000002414e5000 	/System/Library/PrivateFrameworks/VideoToolboxParavirtualizationSupport.framework/Versions/A/VideoToolboxParavirtualizationSupport
0x0000000191b0c000 	/System/Library/PrivateFrameworks/AppleVA.framework/Versions/A/AppleVA
0x0000000193b76000 	/System/Library/Frameworks/ApplicationServices.framework/Versions/A/Frameworks/ATS.framework/Versions/A/ATS
0x0000000189b05000 	/System/Library/Frameworks/ApplicationServices.framework/Versions/A/Frameworks/HIServices.framework/Versions/A/HIServices
0x00000001927b6000 	/System/Library/Frameworks/ApplicationServices.framework/Versions/A/Frameworks/PrintCore.framework/Versions/A/PrintCore
0x0000000193f60000 	/System/Library/Frameworks/ApplicationServices.framework/Versions/A/Frameworks/QD.framework/Versions/A/QD
0x0000000193f54000 	/System/Library/Frameworks/ApplicationServices.framework/Versions/A/Frameworks/ColorSyncLegacy.framework/Versions/A/ColorSyncLegacy
0x0000000193b46000 	/System/Library/Frameworks/ApplicationServices.framework/Versions/A/Frameworks/SpeechSynthesis.framework/Versions/A/SpeechSynthesis
0x0000000192772000 	/System/Library/Frameworks/ApplicationServices.framework/Versions/A/Frameworks/ATSUI.framework/Versions/A/ATSUI
0x0000000193ee7000 	/usr/lib/libcups.2.dylib
0x00000001942dc000 	/System/Library/Frameworks/Kerberos.framework/Versions/A/Kerberos
0x00000001942ed000 	/System/Library/Frameworks/GSS.framework/Versions/A/GSS
0x0000000193bf5000 	/usr/lib/libresolv.9.dylib
0x0000000191d48000 	/System/Library/PrivateFrameworks/Heimdal.framework/Versions/A/Heimdal
0x000000019b778000 	/System/Library/Frameworks/Kerberos.framework/Versions/A/Libraries/libHeimdalProxy.dylib
0x0000000194347000 	/System/Library/PrivateFrameworks/CommonAuth.framework/Versions/A/CommonAuth
0x00000001ddf28000 	/System/Library/Frameworks/AVFAudio.framework/Versions/A/AVFAudio
0x00000001a373a000 	/System/Library/PrivateFrameworks/AXCoreUtilities.framework/Versions/A/AXCoreUtilities
0x000000022e530000 	/System/Library/PrivateFrameworks/IsolatedCoreAudioClient.framework/Versions/A/IsolatedCoreAudioClient
0x0000000193ab2000 	/System/Library/PrivateFrameworks/AudioSession.framework/Versions/A/AudioSession
0x00000001955c3000 	/System/Library/Frameworks/IOBluetooth.framework/Versions/A/IOBluetooth
0x0000000191c17000 	/System/Library/PrivateFrameworks/MediaExperience.framework/Versions/A/MediaExperience
0x00000001938f1000 	/System/Library/PrivateFrameworks/AudioSession.framework/libSessionUtility.dylib
0x0000000193f6c000 	/System/Library/PrivateFrameworks/AudioResourceArbitration.framework/Versions/A/AudioResourceArbitration
0x0000000198644000 	/System/Library/PrivateFrameworks/PowerLog.framework/Versions/A/PowerLog
0x0000000198562000 	/System/Library/Frameworks/CoreBluetooth.framework/Versions/A/CoreBluetooth
0x000000019b779000 	/System/Library/Frameworks/AudioUnit.framework/Versions/A/AudioUnit
0x000000018f49e000 	/System/Library/PrivateFrameworks/CoreUtils.framework/Versions/A/CoreUtils
0x00000002220fb000 	/System/Library/PrivateFrameworks/CoreUtilsExtras.framework/Versions/A/CoreUtilsExtras
0x000000022ce46000 	/System/Library/PrivateFrameworks/IO80211.framework/Versions/A/IO80211
0x00000001991fa000 	/System/Library/PrivateFrameworks/FrontBoardServices.framework/Versions/A/FrontBoardServices
0x000000019ad41000 	/System/Library/PrivateFrameworks/BackBoardServices.framework/Versions/A/BackBoardServices
0x0000000191b7e000 	/System/Library/PrivateFrameworks/IconFoundation.framework/Versions/A/IconFoundation
0x000000019753d000 	/System/Library/PrivateFrameworks/SpeechRecognitionCore.framework/Versions/A/SpeechRecognitionCore
0x00000001a3759000 	/usr/lib/libAccessibility.dylib
0x0000000197c37000 	/System/Library/Frameworks/MediaAccessibility.framework/Versions/A/MediaAccessibility
0x00000001c8c88000 	/System/Library/Frameworks/OSLog.framework/Versions/A/OSLog
0x00000001a8f10000 	/System/Library/PrivateFrameworks/LoggingSupport.framework/Versions/A/LoggingSupport
0x00000001033b0000 	/Library/Java/JavaVirtualMachines/jdk-11.jdk/Contents/Home/lib/server/libjvm.dylib
0x000000010236c000 	/Library/Java/JavaVirtualMachines/jdk-11.jdk/Contents/Home/lib/libverify.dylib
0x00000001023b8000 	/Library/Java/JavaVirtualMachines/jdk-11.jdk/Contents/Home/lib/libjava.dylib
0x0000000102384000 	/Library/Java/JavaVirtualMachines/jdk-11.jdk/Contents/Home/lib/libjimage.dylib
0x0000000102434000 	/Library/Java/JavaVirtualMachines/jdk-11.jdk/Contents/Home/lib/libjdwp.dylib
0x00000001023ec000 	/Library/Java/JavaVirtualMachines/jdk-11.jdk/Contents/Home/lib/libinstrument.dylib
0x0000000102404000 	/Library/Java/JavaVirtualMachines/jdk-11.jdk/Contents/Home/lib/libzip.dylib
0x0000000102670000 	/Library/Java/JavaVirtualMachines/jdk-11.jdk/Contents/Home/lib/libnio.dylib
0x00000001026b0000 	/Library/Java/JavaVirtualMachines/jdk-11.jdk/Contents/Home/lib/libnet.dylib
0x0000000249fd7000 	/usr/lib/i18n/libiconv_std.dylib
0x0000000249fbf000 	/usr/lib/i18n/libUTF8.dylib
0x0000000249fdb000 	/usr/lib/i18n/libmapper_646.dylib
0x0000000102654000 	/Library/Java/JavaVirtualMachines/jdk-11.jdk/Contents/Home/lib/libdt_socket.dylib


VM Arguments:
jvm_args: -agentlib:jdwp=transport=dt_socket,suspend=y,address=localhost:50967 -javaagent:/Users/jieun/.eclipse/org.eclipse.platform_4.32.0_1231987628_macosx_cocoa_aarch64/configuration/org.eclipse.osgi/442/0/.cp/lib/javaagent-shaded.jar -Dfile.encoding=UTF-8 -Dstdout.encoding=UTF-8 -Dstderr.encoding=UTF-8 --module-path=/Users/jieun/Desktop/Itbank/java-workspace/day03/bin -Djdk.module.main=day03 
java_command: day03/repeat_.Quiz02
java_class_path (initial): <not set>
Launcher Type: SUN_STANDARD

[Global flags]
     intx CICompilerCount                          = 4                                         {product} {ergonomic}
     uint ConcGCThreads                            = 3                                         {product} {ergonomic}
     uint G1ConcRefinementThreads                  = 10                                        {product} {ergonomic}
   size_t G1HeapRegionSize                         = 2097152                                   {product} {ergonomic}
    uintx GCDrainStackTargetSize                   = 64                                        {product} {ergonomic}
   size_t InitialHeapSize                          = 536870912                                 {product} {ergonomic}
   size_t MarkStackSize                            = 4194304                                   {product} {ergonomic}
   size_t MaxHeapSize                              = 8589934592                                {product} {ergonomic}
   size_t MaxNewSize                               = 5152702464                                {product} {ergonomic}
   size_t MinHeapDeltaBytes                        = 2097152                                   {product} {ergonomic}
    uintx NonNMethodCodeHeapSize                   = 5836492                                {pd product} {ergonomic}
    uintx NonProfiledCodeHeapSize                  = 122910874                              {pd product} {ergonomic}
    uintx ProfiledCodeHeapSize                     = 122910874                              {pd product} {ergonomic}
    uintx ReservedCodeCacheSize                    = 251658240                              {pd product} {ergonomic}
     bool SegmentedCodeCache                       = true                                      {product} {ergonomic}
     bool UseCompressedClassPointers               = true                                 {lp64_product} {ergonomic}
     bool UseCompressedOops                        = true                                 {lp64_product} {ergonomic}
     bool UseG1GC                                  = true                                      {product} {ergonomic}

Logging:
Log output configuration:
 #0: stdout all=warning uptime,level,tags
 #1: stderr all=off uptime,level,tags

Environment Variables:
PATH=/usr/bin:/bin:/usr/sbin:/sbin
SHELL=/bin/zsh

Signal Handlers:
SIGSEGV: [libjvm.dylib+0x6876bc], sa_mask[0]=11111111011111110111111111111111, sa_flags=SA_ONSTACK|SA_RESTART|SA_SIGINFO
SIGBUS: [libjvm.dylib+0x6876bc], sa_mask[0]=11111111011111110111111111111111, sa_flags=SA_RESTART|SA_SIGINFO
SIGFPE: [libjvm.dylib+0x6876bc], sa_mask[0]=11111111011111110111111111111111, sa_flags=SA_RESTART|SA_SIGINFO
SIGPIPE: [libjvm.dylib+0x53327c], sa_mask[0]=11111111011111110111111111111111, sa_flags=SA_RESTART|SA_SIGINFO
SIGXFSZ: [libjvm.dylib+0x53327c], sa_mask[0]=11111111011111110111111111111111, sa_flags=SA_RESTART|SA_SIGINFO
SIGILL: [libjvm.dylib+0x6876bc], sa_mask[0]=11111111011111110111111111111111, sa_flags=SA_RESTART|SA_SIGINFO
SIGUSR2: [libjvm.dylib+0x5338bc], sa_mask[0]=00000000000000000000000000000000, sa_flags=SA_RESTART|SA_SIGINFO
SIGHUP: [libjvm.dylib+0x531f3c], sa_mask[0]=11111111011111110111111111111111, sa_flags=SA_RESTART|SA_SIGINFO
SIGINT: [libjvm.dylib+0x531f3c], sa_mask[0]=11111111011111110111111111111111, sa_flags=SA_RESTART|SA_SIGINFO
SIGTERM: [libjvm.dylib+0x531f3c], sa_mask[0]=11111111011111110111111111111111, sa_flags=SA_RESTART|SA_SIGINFO
SIGQUIT: [libjvm.dylib+0x531f3c], sa_mask[0]=11111111011111110111111111111111, sa_flags=SA_RESTART|SA_SIGINFO


---------------  S Y S T E M  ---------------

OS:uname:Darwin 23.5.0 Darwin Kernel Version 23.5.0: Wed May  1 20:14:38 PDT 2024; root:xnu-10063.121.3~5/RELEASE_ARM64_T6020 arm64
rlimit: STACK 8176k, CORE 0k, NPROC 5333, NOFILE 10240, AS infinity, DATA infinity, FSIZE infinity
load average:1.48 1.29 1.30

CPU:total 12 (initial active 12) 0x61:0x0:0xda33d83d:0, simd, crc, lse

Memory: 16k page, physical 33554432k(2915200k free)

vm_info: Java HotSpot(TM) 64-Bit Server VM (11.0.19+9-LTS-224) for bsd-aarch64 JRE (11.0.19+9-LTS-224), built on Mar 27 2023 07:45:02 by "mach5one" with gcc Apple LLVM 12.0.0 (clang-1200.0.32.29)

END.
